<?xml version="1.0" encoding="UTF-8"?>
<testsuite name="kr.co.wikibook.backend.BackendApplicationTests" tests="1" skipped="0" failures="0" errors="0" timestamp="2026-01-25T00:03:54.221Z" hostname="gim-yonghyeons-MacBook-Air.local" time="0.532">
  <properties/>
  <testcase name="contextLoads()" classname="kr.co.wikibook.backend.BackendApplicationTests" time="0.532"/>
  <system-out><![CDATA[09:03:52.676 [Test worker] INFO org.springframework.test.context.support.AnnotationConfigContextLoaderUtils -- Could not detect default configuration classes for test class [kr.co.wikibook.backend.BackendApplicationTests]: BackendApplicationTests does not declare any static, non-private, non-final, nested classes annotated with @Configuration.
09:03:52.744 [Test worker] INFO org.springframework.boot.test.context.SpringBootTestContextBootstrapper -- Found @SpringBootConfiguration kr.co.wikibook.backend.BackendApplication for test class kr.co.wikibook.backend.BackendApplicationTests
         _______                   _____                    _____                    _____                _____                _____
        /::\    \                 /\    \                  /\    \                  /\    \              /\    \              |\    \
       /::::\    \               /::\____\                /::\    \                /::\    \            /::\    \             |:\____\
      /::::::\    \             /:::/    /               /::::\    \              /::::\    \           \:::\    \            |::|   |
     /::::::::\    \           /:::/   _/___            /::::::\    \            /::::::\    \           \:::\    \           |::|   |
    /:::/~~\:::\    \         /:::/   /\    \          /:::/\:::\    \          /:::/\:::\    \           \:::\    \          |::|   |
   /:::/    \:::\    \       /:::/   /::\____\        /:::/__\:::\    \        /:::/__\:::\    \           \:::\    \         |::|   |
  /:::/    / \:::\    \     /:::/   /:::/    /       /::::\   \:::\    \      /::::\   \:::\    \          /::::\    \        |::|   |
 /:::/____/   \:::\____\   /:::/   /:::/   _/___    /::::::\   \:::\    \    /::::::\   \:::\    \        /::::::\    \       |::|___|______
|:::|    |     |:::|    | /:::/___/:::/   /\    \  /:::/\:::\   \:::\    \  /:::/\:::\   \:::\____\      /:::/\:::\    \      /::::::::\    \
|:::|____|     |:::|____||:::|   /:::/   /::\____\/:::/__\:::\   \:::\____\/:::/  \:::\   \:::|    |    /:::/  \:::\____\    /::::::::::\____\
 \:::\   _\___/:::/    / |:::|__/:::/   /:::/    /\:::\   \:::\   \::/    /\::/   |::::\  /:::|____|   /:::/    \::/    /   /:::/~~~~/~~
  \:::\ |::| /:::/    /   \:::\/:::/   /:::/    /  \:::\   \:::\   \/____/  \/____|:::::\/:::/    /   /:::/    / \/____/   /:::/    /
   \:::\|::|/:::/    /     \::::::/   /:::/    /    \:::\   \:::\    \            |:::::::::/    /   /:::/    /           /:::/    /
    \::::::::::/    /       \::::/___/:::/    /      \:::\   \:::\____\           |::|\::::/    /   /:::/    /           /:::/    /
     \::::::::/    /         \:::\__/:::/    /        \:::\   \::/    /           |::| \::/____/    \::/    /            \::/    /
      \::::::/    /           \::::::::/    /          \:::\   \/____/            |::|  ~|           \/____/              \/____/
       \::::/____/             \::::::/    /            \:::\    \                |::|   |
        |::|    |               \::::/    /              \:::\____\               \::|   |
        |::|____|                \::/____/                \::/    /                \:|   |
         ~~                       ~~                       \/____/                  \|___|

2026-01-25T09:03:52.959+09:00  WARN 24467 --- [Backend] [    Test worker] ory$DuplicateJsonObjectContextCustomizer : 

Found multiple occurrences of org.json.JSONObject on the class path:

	jar:file:/Users/kim-yonghyeon/.gradle/caches/modules-2/files-2.1/org.json/json/20230227/7a0d4aca76513d8ce81f9b044ce8126b84809ad8/json-20230227.jar!/org/json/JSONObject.class
	jar:file:/Users/kim-yonghyeon/.gradle/caches/modules-2/files-2.1/com.vaadin.external.google/android-json/0.0.20131108.vaadin1/fa26d351fe62a6a17f5cda1287c1c6110dec413f/android-json-0.0.20131108.vaadin1.jar!/org/json/JSONObject.class

You may wish to exclude one of them to ensure predictable runtime behavior

2026-01-25T09:03:52.975+09:00  INFO 24467 --- [Backend] [    Test worker] k.c.w.backend.BackendApplicationTests    : Starting BackendApplicationTests using Java 21.0.6 with PID 24467 (started by kim-yonghyeon in /Users/kim-yonghyeon/Desktop/book-review-system/Backend)
2026-01-25T09:03:52.976+09:00  INFO 24467 --- [Backend] [    Test worker] k.c.w.backend.BackendApplicationTests    : The following 1 profile is active: "prod"
2026-01-25T09:03:52.976+09:00 DEBUG 24467 --- [Backend] [    Test worker] o.s.boot.SpringApplication               : Loading source class kr.co.wikibook.backend.BackendApplication
2026-01-25T09:03:52.995+09:00 DEBUG 24467 --- [Backend] [    Test worker] o.s.w.c.s.GenericWebApplicationContext   : Refreshing org.springframework.web.context.support.GenericWebApplicationContext@2032e725
2026-01-25T09:03:53.005+09:00 DEBUG 24467 --- [Backend] [    Test worker] o.s.b.f.s.DefaultListableBeanFactory     : Creating shared instance of singleton bean 'org.springframework.context.annotation.internalConfigurationAnnotationProcessor'
2026-01-25T09:03:53.015+09:00 DEBUG 24467 --- [Backend] [    Test worker] o.s.b.f.s.DefaultListableBeanFactory     : Creating shared instance of singleton bean 'org.springframework.boot.autoconfigure.internalCachingMetadataReaderFactory'
2026-01-25T09:03:53.052+09:00 DEBUG 24467 --- [Backend] [    Test worker] o.s.c.a.ClassPathBeanDefinitionScanner   : Identified candidate component class: file [/Users/kim-yonghyeon/Desktop/book-review-system/Backend/build/classes/java/main/kr/co/wikibook/backend/account/controller/AccountController.class]
2026-01-25T09:03:53.055+09:00 DEBUG 24467 --- [Backend] [    Test worker] o.s.c.a.ClassPathBeanDefinitionScanner   : Identified candidate component class: file [/Users/kim-yonghyeon/Desktop/book-review-system/Backend/build/classes/java/main/kr/co/wikibook/backend/account/service/BaseAccountService.class]
2026-01-25T09:03:53.056+09:00 DEBUG 24467 --- [Backend] [    Test worker] o.s.c.a.ClassPathBeanDefinitionScanner   : Identified candidate component class: file [/Users/kim-yonghyeon/Desktop/book-review-system/Backend/build/classes/java/main/kr/co/wikibook/backend/account/service/KaKaoLoginService.class]
2026-01-25T09:03:53.056+09:00 DEBUG 24467 --- [Backend] [    Test worker] o.s.c.a.ClassPathBeanDefinitionScanner   : Identified candidate component class: file [/Users/kim-yonghyeon/Desktop/book-review-system/Backend/build/classes/java/main/kr/co/wikibook/backend/block/service/BaseBlockService.class]
2026-01-25T09:03:53.058+09:00 DEBUG 24467 --- [Backend] [    Test worker] o.s.c.a.ClassPathBeanDefinitionScanner   : Identified candidate component class: file [/Users/kim-yonghyeon/Desktop/book-review-system/Backend/build/classes/java/main/kr/co/wikibook/backend/common/config/WebMvcConfig.class]
2026-01-25T09:03:53.060+09:00 DEBUG 24467 --- [Backend] [    Test worker] o.s.c.a.ClassPathBeanDefinitionScanner   : Identified candidate component class: file [/Users/kim-yonghyeon/Desktop/book-review-system/Backend/build/classes/java/main/kr/co/wikibook/backend/common/exception/GlobalExceptionHandler.class]
2026-01-25T09:03:53.061+09:00 DEBUG 24467 --- [Backend] [    Test worker] o.s.c.a.ClassPathBeanDefinitionScanner   : Identified candidate component class: file [/Users/kim-yonghyeon/Desktop/book-review-system/Backend/build/classes/java/main/kr/co/wikibook/backend/common/helper/TokenAccountHelper.class]
2026-01-25T09:03:53.061+09:00 DEBUG 24467 --- [Backend] [    Test worker] o.s.c.a.ClassPathBeanDefinitionScanner   : Identified candidate component class: file [/Users/kim-yonghyeon/Desktop/book-review-system/Backend/build/classes/java/main/kr/co/wikibook/backend/common/interceptor/ApiInterceptor.class]
2026-01-25T09:03:53.061+09:00 DEBUG 24467 --- [Backend] [    Test worker] o.s.c.a.ClassPathBeanDefinitionScanner   : Identified candidate component class: file [/Users/kim-yonghyeon/Desktop/book-review-system/Backend/build/classes/java/main/kr/co/wikibook/backend/common/interceptor/UserLogInterceptor.class]
2026-01-25T09:03:53.062+09:00 DEBUG 24467 --- [Backend] [    Test worker] o.s.c.a.ClassPathBeanDefinitionScanner   : Identified candidate component class: file [/Users/kim-yonghyeon/Desktop/book-review-system/Backend/build/classes/java/main/kr/co/wikibook/backend/common/log/AccessLog/controller/AccessLogController.class]
2026-01-25T09:03:53.063+09:00 DEBUG 24467 --- [Backend] [    Test worker] o.s.c.a.ClassPathBeanDefinitionScanner   : Identified candidate component class: file [/Users/kim-yonghyeon/Desktop/book-review-system/Backend/build/classes/java/main/kr/co/wikibook/backend/common/log/AccessLog/service/AccessLogService.class]
2026-01-25T09:03:53.064+09:00 DEBUG 24467 --- [Backend] [    Test worker] o.s.c.a.ClassPathBeanDefinitionScanner   : Identified candidate component class: file [/Users/kim-yonghyeon/Desktop/book-review-system/Backend/build/classes/java/main/kr/co/wikibook/backend/common/log/ErrorLog/service/ErrorLogService.class]
2026-01-25T09:03:53.064+09:00 DEBUG 24467 --- [Backend] [    Test worker] o.s.c.a.ClassPathBeanDefinitionScanner   : Identified candidate component class: file [/Users/kim-yonghyeon/Desktop/book-review-system/Backend/build/classes/java/main/kr/co/wikibook/backend/common/log/UserLog/controller/UserLogController.class]
2026-01-25T09:03:53.066+09:00 DEBUG 24467 --- [Backend] [    Test worker] o.s.c.a.ClassPathBeanDefinitionScanner   : Identified candidate component class: file [/Users/kim-yonghyeon/Desktop/book-review-system/Backend/build/classes/java/main/kr/co/wikibook/backend/common/log/UserLog/service/UserLogService.class]
2026-01-25T09:03:53.068+09:00 DEBUG 24467 --- [Backend] [    Test worker] o.s.c.a.ClassPathBeanDefinitionScanner   : Identified candidate component class: file [/Users/kim-yonghyeon/Desktop/book-review-system/Backend/build/classes/java/main/kr/co/wikibook/backend/home/controller/HomeController.class]
2026-01-25T09:03:53.068+09:00 DEBUG 24467 --- [Backend] [    Test worker] o.s.c.a.ClassPathBeanDefinitionScanner   : Identified candidate component class: file [/Users/kim-yonghyeon/Desktop/book-review-system/Backend/build/classes/java/main/kr/co/wikibook/backend/mail/service/MailServiceImpl.class]
2026-01-25T09:03:53.069+09:00 DEBUG 24467 --- [Backend] [    Test worker] o.s.c.a.ClassPathBeanDefinitionScanner   : Identified candidate component class: file [/Users/kim-yonghyeon/Desktop/book-review-system/Backend/build/classes/java/main/kr/co/wikibook/backend/member/controller/MembersController.class]
2026-01-25T09:03:53.072+09:00 DEBUG 24467 --- [Backend] [    Test worker] o.s.c.a.ClassPathBeanDefinitionScanner   : Identified candidate component class: file [/Users/kim-yonghyeon/Desktop/book-review-system/Backend/build/classes/java/main/kr/co/wikibook/backend/member/service/BaseMembersService.class]
2026-01-25T09:03:53.073+09:00 DEBUG 24467 --- [Backend] [    Test worker] o.s.c.a.ClassPathBeanDefinitionScanner   : Identified candidate component class: file [/Users/kim-yonghyeon/Desktop/book-review-system/Backend/build/classes/java/main/kr/co/wikibook/backend/reservation/controller/ReservationController.class]
2026-01-25T09:03:53.074+09:00 DEBUG 24467 --- [Backend] [    Test worker] o.s.c.a.ClassPathBeanDefinitionScanner   : Identified candidate component class: file [/Users/kim-yonghyeon/Desktop/book-review-system/Backend/build/classes/java/main/kr/co/wikibook/backend/reservation/service/BaseReservationService.class]
2026-01-25T09:03:53.075+09:00 DEBUG 24467 --- [Backend] [    Test worker] o.s.c.a.ClassPathBeanDefinitionScanner   : Identified candidate component class: file [/Users/kim-yonghyeon/Desktop/book-review-system/Backend/build/classes/java/main/kr/co/wikibook/backend/room/controller/RoomController.class]
2026-01-25T09:03:53.076+09:00 DEBUG 24467 --- [Backend] [    Test worker] o.s.c.a.ClassPathBeanDefinitionScanner   : Identified candidate component class: file [/Users/kim-yonghyeon/Desktop/book-review-system/Backend/build/classes/java/main/kr/co/wikibook/backend/room/service/BaseRoomService.class]
2026-01-25T09:03:53.301+09:00 DEBUG 24467 --- [Backend] [    Test worker] o.s.b.f.s.DefaultListableBeanFactory     : Creating shared instance of singleton bean 'org.springframework.boot.autoconfigure.AutoConfigurationPackages'
2026-01-25T09:03:53.305+09:00 DEBUG 24467 --- [Backend] [    Test worker] o.s.b.a.AutoConfigurationPackages        : @EnableAutoConfiguration was declared on a class in the package 'kr.co.wikibook.backend'. Automatic @Repository and @Entity scanning is enabled.
2026-01-25T09:03:53.357+09:00 DEBUG 24467 --- [Backend] [    Test worker] o.s.b.f.s.DefaultListableBeanFactory     : Creating shared instance of singleton bean 'org.mybatis.spring.mapper.MapperScannerConfigurer'
2026-01-25T09:03:53.361+09:00 DEBUG 24467 --- [Backend] [    Test worker] o.s.b.f.s.DefaultListableBeanFactory     : Creating shared instance of singleton bean 'propertySourcesPlaceholderConfigurer'
2026-01-25T09:03:53.407+09:00 DEBUG 24467 --- [Backend] [    Test worker] o.s.b.f.s.DefaultListableBeanFactory     : Creating shared instance of singleton bean 'org.springframework.boot.test.mock.mockito.MockitoPostProcessor'
2026-01-25T09:03:53.408+09:00 DEBUG 24467 --- [Backend] [    Test worker] o.s.b.f.s.DefaultListableBeanFactory     : Creating shared instance of singleton bean 'org.springframework.boot.sql.init.dependency.DatabaseInitializationDependencyConfigurer$DependsOnDatabaseInitializationPostProcessor'
2026-01-25T09:03:53.428+09:00 DEBUG 24467 --- [Backend] [    Test worker] o.s.b.f.s.DefaultListableBeanFactory     : Creating shared instance of singleton bean 'org.springframework.context.event.internalEventListenerProcessor'
2026-01-25T09:03:53.429+09:00 DEBUG 24467 --- [Backend] [    Test worker] o.s.b.f.s.DefaultListableBeanFactory     : Creating shared instance of singleton bean 'preserveErrorControllerTargetClassPostProcessor'
2026-01-25T09:03:53.430+09:00 DEBUG 24467 --- [Backend] [    Test worker] o.s.b.f.s.DefaultListableBeanFactory     : Creating shared instance of singleton bean 'forceAutoProxyCreatorToUseClassProxying'
2026-01-25T09:03:53.430+09:00 DEBUG 24467 --- [Backend] [    Test worker] o.s.b.f.s.DefaultListableBeanFactory     : Creating shared instance of singleton bean 'org.springframework.context.event.internalEventListenerFactory'
2026-01-25T09:03:53.430+09:00 DEBUG 24467 --- [Backend] [    Test worker] o.s.b.f.s.DefaultListableBeanFactory     : Creating shared instance of singleton bean 'org.springframework.transaction.config.internalTransactionalEventListenerFactory'
2026-01-25T09:03:53.432+09:00 DEBUG 24467 --- [Backend] [    Test worker] o.s.b.f.s.DefaultListableBeanFactory     : Creating shared instance of singleton bean 'org.springframework.boot.test.mock.mockito.MockitoPostProcessor$SpyPostProcessor'
2026-01-25T09:03:53.433+09:00 DEBUG 24467 --- [Backend] [    Test worker] o.s.b.f.s.DefaultListableBeanFactory     : Creating shared instance of singleton bean 'org.springframework.context.annotation.internalAutowiredAnnotationProcessor'
2026-01-25T09:03:53.435+09:00 DEBUG 24467 --- [Backend] [    Test worker] o.s.b.f.s.DefaultListableBeanFactory     : Creating shared instance of singleton bean 'org.springframework.context.annotation.internalCommonAnnotationProcessor'
2026-01-25T09:03:53.437+09:00 DEBUG 24467 --- [Backend] [    Test worker] o.s.b.f.s.DefaultListableBeanFactory     : Creating shared instance of singleton bean 'org.springframework.boot.context.properties.ConfigurationPropertiesBindingPostProcessor'
2026-01-25T09:03:53.438+09:00 DEBUG 24467 --- [Backend] [    Test worker] o.s.b.f.s.DefaultListableBeanFactory     : Creating shared instance of singleton bean 'org.springframework.boot.context.internalConfigurationPropertiesBinder'
2026-01-25T09:03:53.439+09:00 DEBUG 24467 --- [Backend] [    Test worker] o.s.b.f.s.DefaultListableBeanFactory     : Creating shared instance of singleton bean 'jdbcConnectionDetailsHikariBeanPostProcessor'
2026-01-25T09:03:53.441+09:00 DEBUG 24467 --- [Backend] [    Test worker] o.s.b.f.s.DefaultListableBeanFactory     : Creating shared instance of singleton bean 'org.springframework.context.annotation.internalScheduledAnnotationProcessor'
2026-01-25T09:03:53.441+09:00 DEBUG 24467 --- [Backend] [    Test worker] o.s.b.f.s.DefaultListableBeanFactory     : Creating shared instance of singleton bean 'org.springframework.scheduling.annotation.SchedulingConfiguration'
2026-01-25T09:03:53.444+09:00 DEBUG 24467 --- [Backend] [    Test worker] o.s.b.f.s.DefaultListableBeanFactory     : Creating shared instance of singleton bean 'persistenceExceptionTranslationPostProcessor'
2026-01-25T09:03:53.445+09:00 DEBUG 24467 --- [Backend] [    Test worker] o.s.b.f.s.DefaultListableBeanFactory     : Autowiring by type from bean name 'persistenceExceptionTranslationPostProcessor' via factory method to bean named 'environment'
2026-01-25T09:03:53.448+09:00 DEBUG 24467 --- [Backend] [    Test worker] o.s.b.f.s.DefaultListableBeanFactory     : Creating shared instance of singleton bean 'org.springframework.aop.config.internalAutoProxyCreator'
2026-01-25T09:03:53.452+09:00 DEBUG 24467 --- [Backend] [    Test worker] o.s.b.f.s.DefaultListableBeanFactory     : Creating shared instance of singleton bean 'webServerFactoryCustomizerBeanPostProcessor'
2026-01-25T09:03:53.452+09:00 DEBUG 24467 --- [Backend] [    Test worker] o.s.b.f.s.DefaultListableBeanFactory     : Creating shared instance of singleton bean 'errorPageRegistrarBeanPostProcessor'
2026-01-25T09:03:53.455+09:00 DEBUG 24467 --- [Backend] [    Test worker] o.s.u.c.s.UiApplicationContextUtils      : Unable to locate ThemeSource with name 'themeSource': using default [org.springframework.ui.context.support.ResourceBundleThemeSource@23ed382c]
2026-01-25T09:03:53.456+09:00 DEBUG 24467 --- [Backend] [    Test worker] o.s.b.f.s.DefaultListableBeanFactory     : Creating shared instance of singleton bean 'org.springframework.test.context.support.internalDynamicPropertyRegistrarBeanInitializer'
2026-01-25T09:03:53.457+09:00 DEBUG 24467 --- [Backend] [    Test worker] o.s.b.f.s.DefaultListableBeanFactory     : Creating shared instance of singleton bean 'org.springframework.transaction.config.internalTransactionAdvisor'
2026-01-25T09:03:53.457+09:00 DEBUG 24467 --- [Backend] [    Test worker] o.s.b.f.s.DefaultListableBeanFactory     : Creating shared instance of singleton bean 'org.springframework.transaction.annotation.ProxyTransactionManagementConfiguration'
2026-01-25T09:03:53.460+09:00 DEBUG 24467 --- [Backend] [    Test worker] o.s.b.f.s.DefaultListableBeanFactory     : Creating shared instance of singleton bean 'transactionAttributeSource'
2026-01-25T09:03:53.463+09:00 DEBUG 24467 --- [Backend] [    Test worker] o.s.b.f.s.DefaultListableBeanFactory     : Creating shared instance of singleton bean 'transactionInterceptor'
2026-01-25T09:03:53.463+09:00 DEBUG 24467 --- [Backend] [    Test worker] o.s.b.f.s.DefaultListableBeanFactory     : Autowiring by type from bean name 'transactionInterceptor' via factory method to bean named 'transactionAttributeSource'
2026-01-25T09:03:53.468+09:00 DEBUG 24467 --- [Backend] [    Test worker] o.s.b.f.s.DefaultListableBeanFactory     : Autowiring by type from bean name 'org.springframework.transaction.config.internalTransactionAdvisor' via factory method to bean named 'transactionAttributeSource'
2026-01-25T09:03:53.468+09:00 DEBUG 24467 --- [Backend] [    Test worker] o.s.b.f.s.DefaultListableBeanFactory     : Autowiring by type from bean name 'org.springframework.transaction.config.internalTransactionAdvisor' via factory method to bean named 'transactionInterceptor'
2026-01-25T09:03:53.472+09:00 DEBUG 24467 --- [Backend] [    Test worker] o.s.b.f.s.DefaultListableBeanFactory     : Creating shared instance of singleton bean 'backendApplication'
2026-01-25T09:03:53.474+09:00 DEBUG 24467 --- [Backend] [    Test worker] o.s.b.f.s.DefaultListableBeanFactory     : Creating shared instance of singleton bean 'accountController'
2026-01-25T09:03:53.480+09:00 DEBUG 24467 --- [Backend] [    Test worker] o.s.b.f.s.DefaultListableBeanFactory     : Creating shared instance of singleton bean 'baseAccountService'
2026-01-25T09:03:53.480+09:00 DEBUG 24467 --- [Backend] [    Test worker] o.s.b.f.s.DefaultListableBeanFactory     : Creating shared instance of singleton bean 'accountMapper'
2026-01-25T09:03:53.486+09:00 DEBUG 24467 --- [Backend] [    Test worker] o.s.b.f.s.DefaultListableBeanFactory     : Creating shared instance of singleton bean 'dataSourceScriptDatabaseInitializer'
2026-01-25T09:03:53.487+09:00 DEBUG 24467 --- [Backend] [    Test worker] o.s.b.f.s.DefaultListableBeanFactory     : Creating shared instance of singleton bean 'org.springframework.boot.autoconfigure.sql.init.DataSourceInitializationConfiguration'
2026-01-25T09:03:53.487+09:00 DEBUG 24467 --- [Backend] [    Test worker] o.s.b.f.s.DefaultListableBeanFactory     : Creating shared instance of singleton bean 'dataSource'
2026-01-25T09:03:53.487+09:00 DEBUG 24467 --- [Backend] [    Test worker] o.s.b.f.s.DefaultListableBeanFactory     : Creating shared instance of singleton bean 'org.springframework.boot.autoconfigure.jdbc.DataSourceConfiguration$Hikari'
2026-01-25T09:03:53.488+09:00 DEBUG 24467 --- [Backend] [    Test worker] o.s.b.f.s.DefaultListableBeanFactory     : Creating shared instance of singleton bean 'spring.datasource-org.springframework.boot.autoconfigure.jdbc.DataSourceProperties'
2026-01-25T09:03:53.491+09:00 DEBUG 24467 --- [Backend] [    Test worker] o.s.b.f.s.DefaultListableBeanFactory     : Creating shared instance of singleton bean 'org.springframework.boot.context.properties.BoundConfigurationProperties'
2026-01-25T09:03:53.506+09:00 DEBUG 24467 --- [Backend] [    Test worker] o.s.b.f.s.DefaultListableBeanFactory     : Creating shared instance of singleton bean 'jdbcConnectionDetails'
2026-01-25T09:03:53.506+09:00 DEBUG 24467 --- [Backend] [    Test worker] o.s.b.f.s.DefaultListableBeanFactory     : Creating shared instance of singleton bean 'org.springframework.boot.autoconfigure.jdbc.DataSourceAutoConfiguration$PooledDataSourceConfiguration'
2026-01-25T09:03:53.507+09:00 DEBUG 24467 --- [Backend] [    Test worker] o.s.b.f.s.DefaultListableBeanFactory     : Autowiring by type from bean name 'jdbcConnectionDetails' via factory method to bean named 'spring.datasource-org.springframework.boot.autoconfigure.jdbc.DataSourceProperties'
2026-01-25T09:03:53.508+09:00 DEBUG 24467 --- [Backend] [    Test worker] o.s.b.f.s.DefaultListableBeanFactory     : Autowiring by type from bean name 'dataSource' via factory method to bean named 'spring.datasource-org.springframework.boot.autoconfigure.jdbc.DataSourceProperties'
2026-01-25T09:03:53.508+09:00 DEBUG 24467 --- [Backend] [    Test worker] o.s.b.f.s.DefaultListableBeanFactory     : Autowiring by type from bean name 'dataSource' via factory method to bean named 'jdbcConnectionDetails'
2026-01-25T09:03:53.510+09:00 DEBUG 24467 --- [Backend] [    Test worker] com.zaxxer.hikari.HikariConfig           : Driver class org.mariadb.jdbc.Driver found in Thread context class loader jdk.internal.loader.ClassLoaders$AppClassLoader@2c854dc5
2026-01-25T09:03:53.528+09:00 DEBUG 24467 --- [Backend] [    Test worker] o.s.b.f.s.DefaultListableBeanFactory     : Creating shared instance of singleton bean 'spring.sql.init-org.springframework.boot.autoconfigure.sql.init.SqlInitializationProperties'
2026-01-25T09:03:53.530+09:00 DEBUG 24467 --- [Backend] [    Test worker] o.s.b.f.s.DefaultListableBeanFactory     : Autowiring by type from bean name 'dataSourceScriptDatabaseInitializer' via factory method to bean named 'dataSource'
2026-01-25T09:03:53.530+09:00 DEBUG 24467 --- [Backend] [    Test worker] o.s.b.f.s.DefaultListableBeanFactory     : Autowiring by type from bean name 'dataSourceScriptDatabaseInitializer' via factory method to bean named 'spring.sql.init-org.springframework.boot.autoconfigure.sql.init.SqlInitializationProperties'
2026-01-25T09:03:53.538+09:00 DEBUG 24467 --- [Backend] [    Test worker] o.s.b.f.s.DefaultListableBeanFactory     : Creating shared instance of singleton bean 'sqlSessionTemplate'
2026-01-25T09:03:53.538+09:00 DEBUG 24467 --- [Backend] [    Test worker] o.s.b.f.s.DefaultListableBeanFactory     : Creating shared instance of singleton bean 'org.mybatis.spring.boot.autoconfigure.MybatisAutoConfiguration'
2026-01-25T09:03:53.539+09:00 DEBUG 24467 --- [Backend] [    Test worker] o.s.b.f.s.DefaultListableBeanFactory     : Creating shared instance of singleton bean 'mybatis-org.mybatis.spring.boot.autoconfigure.MybatisProperties'
2026-01-25T09:03:53.552+09:00 DEBUG 24467 --- [Backend] [    Test worker] o.s.b.f.s.DefaultListableBeanFactory     : Autowiring by type from bean name 'org.mybatis.spring.boot.autoconfigure.MybatisAutoConfiguration' via constructor to bean named 'mybatis-org.mybatis.spring.boot.autoconfigure.MybatisProperties'
2026-01-25T09:03:53.552+09:00 DEBUG 24467 --- [Backend] [    Test worker] o.s.b.f.s.DefaultListableBeanFactory     : Autowiring by type from bean name 'org.mybatis.spring.boot.autoconfigure.MybatisAutoConfiguration' via constructor to bean named 'org.springframework.web.context.support.GenericWebApplicationContext@2032e725'
2026-01-25T09:03:53.555+09:00 DEBUG 24467 --- [Backend] [    Test worker] o.s.b.f.s.DefaultListableBeanFactory     : Creating shared instance of singleton bean 'sqlSessionFactory'
2026-01-25T09:03:53.555+09:00 DEBUG 24467 --- [Backend] [    Test worker] o.s.b.f.s.DefaultListableBeanFactory     : Autowiring by type from bean name 'sqlSessionFactory' via factory method to bean named 'dataSource'
2026-01-25T09:03:53.680+09:00 DEBUG 24467 --- [Backend] [    Test worker] o.s.b.f.s.DefaultListableBeanFactory     : Autowiring by type from bean name 'sqlSessionTemplate' via factory method to bean named 'sqlSessionFactory'
2026-01-25T09:03:53.686+09:00 DEBUG 24467 --- [Backend] [    Test worker] o.s.b.f.s.DefaultListableBeanFactory     : Creating shared instance of singleton bean 'mailServiceImpl'
2026-01-25T09:03:53.687+09:00 DEBUG 24467 --- [Backend] [    Test worker] o.s.b.f.s.DefaultListableBeanFactory     : Creating shared instance of singleton bean 'mailSender'
2026-01-25T09:03:53.687+09:00 DEBUG 24467 --- [Backend] [    Test worker] o.s.b.f.s.DefaultListableBeanFactory     : Creating shared instance of singleton bean 'org.springframework.boot.autoconfigure.mail.MailSenderPropertiesConfiguration'
2026-01-25T09:03:53.688+09:00 DEBUG 24467 --- [Backend] [    Test worker] o.s.b.f.s.DefaultListableBeanFactory     : Creating shared instance of singleton bean 'spring.mail-org.springframework.boot.autoconfigure.mail.MailProperties'
2026-01-25T09:03:53.690+09:00 DEBUG 24467 --- [Backend] [    Test worker] o.s.b.f.s.DefaultListableBeanFactory     : Autowiring by type from bean name 'mailSender' via factory method to bean named 'spring.mail-org.springframework.boot.autoconfigure.mail.MailProperties'
2026-01-25T09:03:53.696+09:00 DEBUG 24467 --- [Backend] [    Test worker] o.s.b.f.s.DefaultListableBeanFactory     : Creating shared instance of singleton bean 'sslBundleRegistry'
2026-01-25T09:03:53.696+09:00 DEBUG 24467 --- [Backend] [    Test worker] o.s.b.f.s.DefaultListableBeanFactory     : Creating shared instance of singleton bean 'org.springframework.boot.autoconfigure.ssl.SslAutoConfiguration'
2026-01-25T09:03:53.697+09:00 DEBUG 24467 --- [Backend] [    Test worker] o.s.b.f.s.DefaultListableBeanFactory     : Creating shared instance of singleton bean 'spring.ssl-org.springframework.boot.autoconfigure.ssl.SslProperties'
2026-01-25T09:03:53.698+09:00 DEBUG 24467 --- [Backend] [    Test worker] o.s.b.f.s.DefaultListableBeanFactory     : Autowiring by type from bean name 'org.springframework.boot.autoconfigure.ssl.SslAutoConfiguration' via constructor to bean named 'org.springframework.web.context.support.GenericWebApplicationContext@2032e725'
2026-01-25T09:03:53.698+09:00 DEBUG 24467 --- [Backend] [    Test worker] o.s.b.f.s.DefaultListableBeanFactory     : Autowiring by type from bean name 'org.springframework.boot.autoconfigure.ssl.SslAutoConfiguration' via constructor to bean named 'spring.ssl-org.springframework.boot.autoconfigure.ssl.SslProperties'
2026-01-25T09:03:53.700+09:00 DEBUG 24467 --- [Backend] [    Test worker] o.s.b.f.s.DefaultListableBeanFactory     : Creating shared instance of singleton bean 'sslPropertiesSslBundleRegistrar'
2026-01-25T09:03:53.700+09:00 DEBUG 24467 --- [Backend] [    Test worker] o.s.b.f.s.DefaultListableBeanFactory     : Creating shared instance of singleton bean 'fileWatcher'
2026-01-25T09:03:53.701+09:00 DEBUG 24467 --- [Backend] [    Test worker] o.s.b.f.s.DefaultListableBeanFactory     : Autowiring by type from bean name 'sslPropertiesSslBundleRegistrar' via factory method to bean named 'fileWatcher'
2026-01-25T09:03:53.708+09:00 DEBUG 24467 --- [Backend] [    Test worker] o.s.b.f.s.DefaultListableBeanFactory     : Autowiring by type from bean name 'mailServiceImpl' via constructor to bean named 'mailSender'
2026-01-25T09:03:53.708+09:00 DEBUG 24467 --- [Backend] [    Test worker] o.s.b.f.s.DefaultListableBeanFactory     : Creating shared instance of singleton bean 'passwordResetLogMapper'
2026-01-25T09:03:53.710+09:00 DEBUG 24467 --- [Backend] [    Test worker] o.s.c.e.PropertySourcesPropertyResolver  : Found key 'spring.mail.username' in PropertySource 'environmentProperties' with value of type String
2026-01-25T09:03:53.711+09:00 DEBUG 24467 --- [Backend] [    Test worker] o.s.b.f.s.DefaultListableBeanFactory     : Creating shared instance of singleton bean 'kaKaoLoginService'
2026-01-25T09:03:53.711+09:00 DEBUG 24467 --- [Backend] [    Test worker] o.s.b.f.s.DefaultListableBeanFactory     : Creating shared instance of singleton bean 'kakaoLoginMapper'
2026-01-25T09:03:53.714+09:00 DEBUG 24467 --- [Backend] [    Test worker] o.s.b.f.s.DefaultListableBeanFactory     : Creating shared instance of singleton bean 'baseMembersService'
2026-01-25T09:03:53.716+09:00 DEBUG 24467 --- [Backend] [    Test worker] o.s.b.f.s.DefaultListableBeanFactory     : Creating shared instance of singleton bean 'membersMapper'
2026-01-25T09:03:53.733+09:00 DEBUG 24467 --- [Backend] [    Test worker] o.s.b.f.s.DefaultListableBeanFactory     : Creating shared instance of singleton bean 'tokenAccountHelper'
2026-01-25T09:03:53.734+09:00 DEBUG 24467 --- [Backend] [    Test worker] o.s.b.f.s.DefaultListableBeanFactory     : Creating shared instance of singleton bean 'blockMapper'
2026-01-25T09:03:53.736+09:00 DEBUG 24467 --- [Backend] [    Test worker] o.s.b.f.s.DefaultListableBeanFactory     : Creating shared instance of singleton bean 'accessLogService'
2026-01-25T09:03:53.736+09:00 DEBUG 24467 --- [Backend] [    Test worker] o.s.b.f.s.DefaultListableBeanFactory     : Creating shared instance of singleton bean 'accessLogMapper'
2026-01-25T09:03:53.737+09:00 DEBUG 24467 --- [Backend] [    Test worker] o.s.b.f.s.DefaultListableBeanFactory     : Autowiring by type from bean name 'accessLogService' via constructor to bean named 'accessLogMapper'
2026-01-25T09:03:53.739+09:00 DEBUG 24467 --- [Backend] [    Test worker] o.s.b.f.s.DefaultListableBeanFactory     : Creating shared instance of singleton bean 'baseBlockService'
2026-01-25T09:03:53.741+09:00 DEBUG 24467 --- [Backend] [    Test worker] o.s.b.f.s.DefaultListableBeanFactory     : Creating shared instance of singleton bean 'webMvcConfig'
2026-01-25T09:03:53.741+09:00 DEBUG 24467 --- [Backend] [    Test worker] o.s.b.f.s.DefaultListableBeanFactory     : Creating shared instance of singleton bean 'apiInterceptor'
2026-01-25T09:03:53.742+09:00 DEBUG 24467 --- [Backend] [    Test worker] o.s.b.f.s.DefaultListableBeanFactory     : Creating shared instance of singleton bean 'userLogInterceptor'
2026-01-25T09:03:53.742+09:00 DEBUG 24467 --- [Backend] [    Test worker] o.s.b.f.s.DefaultListableBeanFactory     : Creating shared instance of singleton bean 'userLogService'
2026-01-25T09:03:53.743+09:00 DEBUG 24467 --- [Backend] [    Test worker] o.s.b.f.s.DefaultListableBeanFactory     : Creating shared instance of singleton bean 'userLogMapper'
2026-01-25T09:03:53.745+09:00 DEBUG 24467 --- [Backend] [    Test worker] o.s.b.f.s.DefaultListableBeanFactory     : Autowiring by type from bean name 'userLogService' via constructor to bean named 'userLogMapper'
2026-01-25T09:03:53.758+09:00 DEBUG 24467 --- [Backend] [    Test worker] o.s.b.f.s.DefaultListableBeanFactory     : Autowiring by type from bean name 'userLogInterceptor' via constructor to bean named 'userLogService'
2026-01-25T09:03:53.759+09:00 DEBUG 24467 --- [Backend] [    Test worker] o.s.b.f.s.DefaultListableBeanFactory     : Creating shared instance of singleton bean 'globalExceptionHandler'
2026-01-25T09:03:53.761+09:00 DEBUG 24467 --- [Backend] [    Test worker] o.s.b.f.s.DefaultListableBeanFactory     : Creating shared instance of singleton bean 'errorLogService'
2026-01-25T09:03:53.762+09:00 DEBUG 24467 --- [Backend] [    Test worker] o.s.b.f.s.DefaultListableBeanFactory     : Creating shared instance of singleton bean 'errorLogMapper'
2026-01-25T09:03:53.765+09:00 DEBUG 24467 --- [Backend] [    Test worker] o.s.b.f.s.DefaultListableBeanFactory     : Autowiring by type from bean name 'errorLogService' via constructor to bean named 'errorLogMapper'
2026-01-25T09:03:53.765+09:00 DEBUG 24467 --- [Backend] [    Test worker] o.s.b.f.s.DefaultListableBeanFactory     : Autowiring by type from bean name 'globalExceptionHandler' via constructor to bean named 'errorLogService'
2026-01-25T09:03:53.766+09:00 DEBUG 24467 --- [Backend] [    Test worker] o.s.b.f.s.DefaultListableBeanFactory     : Creating shared instance of singleton bean 'accessLogController'
2026-01-25T09:03:53.769+09:00 DEBUG 24467 --- [Backend] [    Test worker] o.s.b.f.s.DefaultListableBeanFactory     : Creating shared instance of singleton bean 'userLogController'
2026-01-25T09:03:53.769+09:00 DEBUG 24467 --- [Backend] [    Test worker] o.s.b.f.s.DefaultListableBeanFactory     : Autowiring by type from bean name 'userLogController' via constructor to bean named 'userLogService'
2026-01-25T09:03:53.770+09:00 DEBUG 24467 --- [Backend] [    Test worker] o.s.b.f.s.DefaultListableBeanFactory     : Creating shared instance of singleton bean 'homeController'
2026-01-25T09:03:53.771+09:00 DEBUG 24467 --- [Backend] [    Test worker] o.s.b.f.s.DefaultListableBeanFactory     : Creating shared instance of singleton bean 'membersController'
2026-01-25T09:03:53.773+09:00 DEBUG 24467 --- [Backend] [    Test worker] o.s.b.f.s.DefaultListableBeanFactory     : Creating shared instance of singleton bean 'reservationController'
2026-01-25T09:03:53.774+09:00 DEBUG 24467 --- [Backend] [    Test worker] o.s.b.f.s.DefaultListableBeanFactory     : Creating shared instance of singleton bean 'baseReservationService'
2026-01-25T09:03:53.774+09:00 DEBUG 24467 --- [Backend] [    Test worker] o.s.b.f.s.DefaultListableBeanFactory     : Creating shared instance of singleton bean 'reservationMapper'
2026-01-25T09:03:53.777+09:00 DEBUG 24467 --- [Backend] [    Test worker] o.s.b.f.s.DefaultListableBeanFactory     : Creating shared instance of singleton bean 'roomController'
2026-01-25T09:03:53.777+09:00 DEBUG 24467 --- [Backend] [    Test worker] o.s.b.f.s.DefaultListableBeanFactory     : Creating shared instance of singleton bean 'baseRoomService'
2026-01-25T09:03:53.777+09:00 DEBUG 24467 --- [Backend] [    Test worker] o.s.b.f.s.DefaultListableBeanFactory     : Creating shared instance of singleton bean 'roomMapper'
2026-01-25T09:03:53.780+09:00 DEBUG 24467 --- [Backend] [    Test worker] o.s.b.f.s.DefaultListableBeanFactory     : Creating shared instance of singleton bean 'org.springframework.boot.autoconfigure.context.PropertyPlaceholderAutoConfiguration'
2026-01-25T09:03:53.780+09:00 DEBUG 24467 --- [Backend] [    Test worker] o.s.b.f.s.DefaultListableBeanFactory     : Creating shared instance of singleton bean 'org.springframework.boot.context.properties.EnableConfigurationPropertiesRegistrar.methodValidationExcludeFilter'
2026-01-25T09:03:53.781+09:00 DEBUG 24467 --- [Backend] [    Test worker] o.s.b.f.s.DefaultListableBeanFactory     : Creating shared instance of singleton bean 'org.springframework.boot.autoconfigure.websocket.servlet.WebSocketServletAutoConfiguration$TomcatWebSocketConfiguration'
2026-01-25T09:03:53.781+09:00 DEBUG 24467 --- [Backend] [    Test worker] o.s.b.f.s.DefaultListableBeanFactory     : Creating shared instance of singleton bean 'websocketServletWebServerCustomizer'
2026-01-25T09:03:53.783+09:00 DEBUG 24467 --- [Backend] [    Test worker] o.s.b.f.s.DefaultListableBeanFactory     : Creating shared instance of singleton bean 'org.springframework.boot.autoconfigure.websocket.servlet.WebSocketServletAutoConfiguration'
2026-01-25T09:03:53.784+09:00 DEBUG 24467 --- [Backend] [    Test worker] o.s.b.f.s.DefaultListableBeanFactory     : Creating shared instance of singleton bean 'org.springframework.boot.autoconfigure.web.servlet.ServletWebServerFactoryConfiguration$EmbeddedTomcat'
2026-01-25T09:03:53.784+09:00 DEBUG 24467 --- [Backend] [    Test worker] o.s.b.f.s.DefaultListableBeanFactory     : Creating shared instance of singleton bean 'tomcatServletWebServerFactory'
2026-01-25T09:03:53.812+09:00 DEBUG 24467 --- [Backend] [    Test worker] o.s.b.f.s.DefaultListableBeanFactory     : Creating shared instance of singleton bean 'servletWebServerFactoryCustomizer'
2026-01-25T09:03:53.812+09:00 DEBUG 24467 --- [Backend] [    Test worker] o.s.b.f.s.DefaultListableBeanFactory     : Creating shared instance of singleton bean 'org.springframework.boot.autoconfigure.web.servlet.ServletWebServerFactoryAutoConfiguration'
2026-01-25T09:03:53.812+09:00 DEBUG 24467 --- [Backend] [    Test worker] o.s.b.f.s.DefaultListableBeanFactory     : Creating shared instance of singleton bean 'server-org.springframework.boot.autoconfigure.web.ServerProperties'
2026-01-25T09:03:53.817+09:00 DEBUG 24467 --- [Backend] [    Test worker] o.s.b.f.s.DefaultListableBeanFactory     : Autowiring by type from bean name 'servletWebServerFactoryCustomizer' via factory method to bean named 'server-org.springframework.boot.autoconfigure.web.ServerProperties'
2026-01-25T09:03:53.819+09:00 DEBUG 24467 --- [Backend] [    Test worker] o.s.b.f.s.DefaultListableBeanFactory     : Creating shared instance of singleton bean 'tomcatServletWebServerFactoryCustomizer'
2026-01-25T09:03:53.820+09:00 DEBUG 24467 --- [Backend] [    Test worker] o.s.b.f.s.DefaultListableBeanFactory     : Autowiring by type from bean name 'tomcatServletWebServerFactoryCustomizer' via factory method to bean named 'server-org.springframework.boot.autoconfigure.web.ServerProperties'
2026-01-25T09:03:53.821+09:00 DEBUG 24467 --- [Backend] [    Test worker] o.s.b.f.s.DefaultListableBeanFactory     : Creating shared instance of singleton bean 'localeCharsetMappingsCustomizer'
2026-01-25T09:03:53.821+09:00 DEBUG 24467 --- [Backend] [    Test worker] o.s.b.f.s.DefaultListableBeanFactory     : Creating shared instance of singleton bean 'org.springframework.boot.autoconfigure.web.servlet.HttpEncodingAutoConfiguration'
2026-01-25T09:03:53.822+09:00 DEBUG 24467 --- [Backend] [    Test worker] o.s.b.f.s.DefaultListableBeanFactory     : Autowiring by type from bean name 'org.springframework.boot.autoconfigure.web.servlet.HttpEncodingAutoConfiguration' via constructor to bean named 'server-org.springframework.boot.autoconfigure.web.ServerProperties'
2026-01-25T09:03:53.829+09:00 DEBUG 24467 --- [Backend] [    Test worker] o.s.b.f.s.DefaultListableBeanFactory     : Creating shared instance of singleton bean 'errorPageCustomizer'
2026-01-25T09:03:53.829+09:00 DEBUG 24467 --- [Backend] [    Test worker] o.s.b.f.s.DefaultListableBeanFactory     : Creating shared instance of singleton bean 'org.springframework.boot.autoconfigure.web.servlet.error.ErrorMvcAutoConfiguration'
2026-01-25T09:03:53.829+09:00 DEBUG 24467 --- [Backend] [    Test worker] o.s.b.f.s.DefaultListableBeanFactory     : Autowiring by type from bean name 'org.springframework.boot.autoconfigure.web.servlet.error.ErrorMvcAutoConfiguration' via constructor to bean named 'server-org.springframework.boot.autoconfigure.web.ServerProperties'
2026-01-25T09:03:53.830+09:00 DEBUG 24467 --- [Backend] [    Test worker] o.s.b.f.s.DefaultListableBeanFactory     : Creating shared instance of singleton bean 'dispatcherServletRegistration'
2026-01-25T09:03:53.830+09:00 DEBUG 24467 --- [Backend] [    Test worker] o.s.b.f.s.DefaultListableBeanFactory     : Creating shared instance of singleton bean 'org.springframework.boot.autoconfigure.web.servlet.DispatcherServletAutoConfiguration$DispatcherServletRegistrationConfiguration'
2026-01-25T09:03:53.830+09:00 DEBUG 24467 --- [Backend] [    Test worker] o.s.b.f.s.DefaultListableBeanFactory     : Creating shared instance of singleton bean 'dispatcherServlet'
2026-01-25T09:03:53.830+09:00 DEBUG 24467 --- [Backend] [    Test worker] o.s.b.f.s.DefaultListableBeanFactory     : Creating shared instance of singleton bean 'org.springframework.boot.autoconfigure.web.servlet.DispatcherServletAutoConfiguration$DispatcherServletConfiguration'
2026-01-25T09:03:53.830+09:00 DEBUG 24467 --- [Backend] [    Test worker] o.s.b.f.s.DefaultListableBeanFactory     : Creating shared instance of singleton bean 'spring.mvc-org.springframework.boot.autoconfigure.web.servlet.WebMvcProperties'
2026-01-25T09:03:53.832+09:00 DEBUG 24467 --- [Backend] [    Test worker] o.s.b.f.s.DefaultListableBeanFactory     : Autowiring by type from bean name 'dispatcherServlet' via factory method to bean named 'spring.mvc-org.springframework.boot.autoconfigure.web.servlet.WebMvcProperties'
2026-01-25T09:03:53.842+09:00 DEBUG 24467 --- [Backend] [    Test worker] o.s.b.f.s.DefaultListableBeanFactory     : Autowiring by type from bean name 'dispatcherServletRegistration' via factory method to bean named 'dispatcherServlet'
2026-01-25T09:03:53.843+09:00 DEBUG 24467 --- [Backend] [    Test worker] o.s.b.f.s.DefaultListableBeanFactory     : Autowiring by type from bean name 'dispatcherServletRegistration' via factory method to bean named 'spring.mvc-org.springframework.boot.autoconfigure.web.servlet.WebMvcProperties'
2026-01-25T09:03:53.844+09:00 DEBUG 24467 --- [Backend] [    Test worker] o.s.b.f.s.DefaultListableBeanFactory     : Creating shared instance of singleton bean 'multipartConfigElement'
2026-01-25T09:03:53.845+09:00 DEBUG 24467 --- [Backend] [    Test worker] o.s.b.f.s.DefaultListableBeanFactory     : Creating shared instance of singleton bean 'org.springframework.boot.autoconfigure.web.servlet.MultipartAutoConfiguration'
2026-01-25T09:03:53.845+09:00 DEBUG 24467 --- [Backend] [    Test worker] o.s.b.f.s.DefaultListableBeanFactory     : Creating shared instance of singleton bean 'spring.servlet.multipart-org.springframework.boot.autoconfigure.web.servlet.MultipartProperties'
2026-01-25T09:03:53.847+09:00 DEBUG 24467 --- [Backend] [    Test worker] o.s.b.f.s.DefaultListableBeanFactory     : Autowiring by type from bean name 'org.springframework.boot.autoconfigure.web.servlet.MultipartAutoConfiguration' via constructor to bean named 'spring.servlet.multipart-org.springframework.boot.autoconfigure.web.servlet.MultipartProperties'
2026-01-25T09:03:53.852+09:00 DEBUG 24467 --- [Backend] [    Test worker] o.s.b.f.s.DefaultListableBeanFactory     : Autowiring by type from bean name 'errorPageCustomizer' via factory method to bean named 'dispatcherServletRegistration'
2026-01-25T09:03:53.855+09:00 DEBUG 24467 --- [Backend] [    Test worker] o.s.b.f.s.DefaultListableBeanFactory     : Creating shared instance of singleton bean 'org.springframework.boot.autoconfigure.web.servlet.DispatcherServletAutoConfiguration'
2026-01-25T09:03:53.855+09:00 DEBUG 24467 --- [Backend] [    Test worker] o.s.b.f.s.DefaultListableBeanFactory     : Creating shared instance of singleton bean 'org.springframework.boot.autoconfigure.task.TaskExecutorConfigurations$ThreadPoolTaskExecutorBuilderConfiguration'
2026-01-25T09:03:53.855+09:00 DEBUG 24467 --- [Backend] [    Test worker] o.s.b.f.s.DefaultListableBeanFactory     : Creating shared instance of singleton bean 'threadPoolTaskExecutorBuilder'
2026-01-25T09:03:53.856+09:00 DEBUG 24467 --- [Backend] [    Test worker] o.s.b.f.s.DefaultListableBeanFactory     : Creating shared instance of singleton bean 'spring.task.execution-org.springframework.boot.autoconfigure.task.TaskExecutionProperties'
2026-01-25T09:03:53.857+09:00 DEBUG 24467 --- [Backend] [    Test worker] o.s.b.f.s.DefaultListableBeanFactory     : Autowiring by type from bean name 'threadPoolTaskExecutorBuilder' via factory method to bean named 'spring.task.execution-org.springframework.boot.autoconfigure.task.TaskExecutionProperties'
2026-01-25T09:03:53.858+09:00 DEBUG 24467 --- [Backend] [    Test worker] o.s.b.f.s.DefaultListableBeanFactory     : Creating shared instance of singleton bean 'org.springframework.boot.autoconfigure.task.TaskExecutorConfigurations$SimpleAsyncTaskExecutorBuilderConfiguration'
2026-01-25T09:03:53.859+09:00 DEBUG 24467 --- [Backend] [    Test worker] o.s.b.f.s.DefaultListableBeanFactory     : Autowiring by type from bean name 'org.springframework.boot.autoconfigure.task.TaskExecutorConfigurations$SimpleAsyncTaskExecutorBuilderConfiguration' via constructor to bean named 'spring.task.execution-org.springframework.boot.autoconfigure.task.TaskExecutionProperties'
2026-01-25T09:03:53.859+09:00 DEBUG 24467 --- [Backend] [    Test worker] o.s.b.f.s.DefaultListableBeanFactory     : Creating shared instance of singleton bean 'simpleAsyncTaskExecutorBuilder'
2026-01-25T09:03:53.860+09:00 DEBUG 24467 --- [Backend] [    Test worker] o.s.b.f.s.DefaultListableBeanFactory     : Creating shared instance of singleton bean 'org.springframework.boot.autoconfigure.task.TaskExecutorConfigurations$TaskExecutorConfiguration'
2026-01-25T09:03:53.860+09:00 DEBUG 24467 --- [Backend] [    Test worker] o.s.b.f.s.DefaultListableBeanFactory     : Creating shared instance of singleton bean 'org.springframework.boot.autoconfigure.task.TaskExecutionAutoConfiguration'
2026-01-25T09:03:53.861+09:00 DEBUG 24467 --- [Backend] [    Test worker] o.s.b.f.s.DefaultListableBeanFactory     : Creating shared instance of singleton bean 'org.springframework.boot.autoconfigure.web.servlet.error.ErrorMvcAutoConfiguration$WhitelabelErrorViewConfiguration'
2026-01-25T09:03:53.861+09:00 DEBUG 24467 --- [Backend] [    Test worker] o.s.b.f.s.DefaultListableBeanFactory     : Creating shared instance of singleton bean 'error'
2026-01-25T09:03:53.862+09:00 DEBUG 24467 --- [Backend] [    Test worker] o.s.b.f.s.DefaultListableBeanFactory     : Creating shared instance of singleton bean 'beanNameViewResolver'
2026-01-25T09:03:53.864+09:00 DEBUG 24467 --- [Backend] [    Test worker] o.s.b.f.s.DefaultListableBeanFactory     : Creating shared instance of singleton bean 'org.springframework.boot.autoconfigure.web.servlet.error.ErrorMvcAutoConfiguration$DefaultErrorViewResolverConfiguration'
2026-01-25T09:03:53.865+09:00 DEBUG 24467 --- [Backend] [    Test worker] o.s.b.f.s.DefaultListableBeanFactory     : Creating shared instance of singleton bean 'spring.web-org.springframework.boot.autoconfigure.web.WebProperties'
2026-01-25T09:03:53.868+09:00 DEBUG 24467 --- [Backend] [    Test worker] o.s.b.f.s.DefaultListableBeanFactory     : Autowiring by type from bean name 'org.springframework.boot.autoconfigure.web.servlet.error.ErrorMvcAutoConfiguration$DefaultErrorViewResolverConfiguration' via constructor to bean named 'org.springframework.web.context.support.GenericWebApplicationContext@2032e725'
2026-01-25T09:03:53.869+09:00 DEBUG 24467 --- [Backend] [    Test worker] o.s.b.f.s.DefaultListableBeanFactory     : Autowiring by type from bean name 'org.springframework.boot.autoconfigure.web.servlet.error.ErrorMvcAutoConfiguration$DefaultErrorViewResolverConfiguration' via constructor to bean named 'spring.web-org.springframework.boot.autoconfigure.web.WebProperties'
2026-01-25T09:03:53.869+09:00 DEBUG 24467 --- [Backend] [    Test worker] o.s.b.f.s.DefaultListableBeanFactory     : Creating shared instance of singleton bean 'conventionErrorViewResolver'
2026-01-25T09:03:53.870+09:00 DEBUG 24467 --- [Backend] [    Test worker] o.s.b.f.s.DefaultListableBeanFactory     : Creating shared instance of singleton bean 'errorAttributes'
2026-01-25T09:03:53.872+09:00 DEBUG 24467 --- [Backend] [    Test worker] o.s.b.f.s.DefaultListableBeanFactory     : Creating shared instance of singleton bean 'basicErrorController'
2026-01-25T09:03:53.873+09:00 DEBUG 24467 --- [Backend] [    Test worker] o.s.b.f.s.DefaultListableBeanFactory     : Autowiring by type from bean name 'basicErrorController' via factory method to bean named 'errorAttributes'
2026-01-25T09:03:53.875+09:00 DEBUG 24467 --- [Backend] [    Test worker] o.s.b.f.s.DefaultListableBeanFactory     : Creating shared instance of singleton bean 'org.springframework.boot.autoconfigure.web.servlet.WebMvcAutoConfiguration$EnableWebMvcConfiguration'
2026-01-25T09:03:53.875+09:00 DEBUG 24467 --- [Backend] [    Test worker] o.s.b.f.s.DefaultListableBeanFactory     : Autowiring by type from bean name 'org.springframework.boot.autoconfigure.web.servlet.WebMvcAutoConfiguration$EnableWebMvcConfiguration' via constructor to bean named 'spring.mvc-org.springframework.boot.autoconfigure.web.servlet.WebMvcProperties'
2026-01-25T09:03:53.875+09:00 DEBUG 24467 --- [Backend] [    Test worker] o.s.b.f.s.DefaultListableBeanFactory     : Autowiring by type from bean name 'org.springframework.boot.autoconfigure.web.servlet.WebMvcAutoConfiguration$EnableWebMvcConfiguration' via constructor to bean named 'spring.web-org.springframework.boot.autoconfigure.web.WebProperties'
2026-01-25T09:03:53.875+09:00 DEBUG 24467 --- [Backend] [    Test worker] o.s.b.f.s.DefaultListableBeanFactory     : Autowiring by type from bean name 'org.springframework.boot.autoconfigure.web.servlet.WebMvcAutoConfiguration$EnableWebMvcConfiguration' via constructor to bean named 'org.springframework.beans.factory.support.DefaultListableBeanFactory@2c43eb8'
2026-01-25T09:03:53.877+09:00 DEBUG 24467 --- [Backend] [    Test worker] o.s.b.f.s.DefaultListableBeanFactory     : Creating shared instance of singleton bean 'org.springframework.boot.autoconfigure.web.servlet.WebMvcAutoConfiguration$WebMvcAutoConfigurationAdapter'
2026-01-25T09:03:53.878+09:00 DEBUG 24467 --- [Backend] [    Test worker] o.s.b.f.s.DefaultListableBeanFactory     : Autowiring by type from bean name 'org.springframework.boot.autoconfigure.web.servlet.WebMvcAutoConfiguration$WebMvcAutoConfigurationAdapter' via constructor to bean named 'spring.web-org.springframework.boot.autoconfigure.web.WebProperties'
2026-01-25T09:03:53.878+09:00 DEBUG 24467 --- [Backend] [    Test worker] o.s.b.f.s.DefaultListableBeanFactory     : Autowiring by type from bean name 'org.springframework.boot.autoconfigure.web.servlet.WebMvcAutoConfiguration$WebMvcAutoConfigurationAdapter' via constructor to bean named 'spring.mvc-org.springframework.boot.autoconfigure.web.servlet.WebMvcProperties'
2026-01-25T09:03:53.878+09:00 DEBUG 24467 --- [Backend] [    Test worker] o.s.b.f.s.DefaultListableBeanFactory     : Autowiring by type from bean name 'org.springframework.boot.autoconfigure.web.servlet.WebMvcAutoConfiguration$WebMvcAutoConfigurationAdapter' via constructor to bean named 'org.springframework.beans.factory.support.DefaultListableBeanFactory@2c43eb8'
2026-01-25T09:03:53.881+09:00 DEBUG 24467 --- [Backend] [    Test worker] o.s.b.f.s.DefaultListableBeanFactory     : Creating shared instance of singleton bean 'welcomePageHandlerMapping'
2026-01-25T09:03:53.881+09:00 DEBUG 24467 --- [Backend] [    Test worker] o.s.b.f.s.DefaultListableBeanFactory     : Creating shared instance of singleton bean 'mvcConversionService'
2026-01-25T09:03:53.884+09:00 DEBUG 24467 --- [Backend] [    Test worker] o.s.b.f.s.DefaultListableBeanFactory     : Creating shared instance of singleton bean 'mvcResourceUrlProvider'
2026-01-25T09:03:53.886+09:00 DEBUG 24467 --- [Backend] [    Test worker] o.s.b.f.s.DefaultListableBeanFactory     : Autowiring by type from bean name 'welcomePageHandlerMapping' via factory method to bean named 'org.springframework.web.context.support.GenericWebApplicationContext@2032e725'
2026-01-25T09:03:53.886+09:00 DEBUG 24467 --- [Backend] [    Test worker] o.s.b.f.s.DefaultListableBeanFactory     : Autowiring by type from bean name 'welcomePageHandlerMapping' via factory method to bean named 'mvcConversionService'
2026-01-25T09:03:53.886+09:00 DEBUG 24467 --- [Backend] [    Test worker] o.s.b.f.s.DefaultListableBeanFactory     : Autowiring by type from bean name 'welcomePageHandlerMapping' via factory method to bean named 'mvcResourceUrlProvider'
2026-01-25T09:03:53.903+09:00 DEBUG 24467 --- [Backend] [    Test worker] o.s.b.f.s.DefaultListableBeanFactory     : Creating shared instance of singleton bean 'welcomePageNotAcceptableHandlerMapping'
2026-01-25T09:03:53.904+09:00 DEBUG 24467 --- [Backend] [    Test worker] o.s.b.f.s.DefaultListableBeanFactory     : Autowiring by type from bean name 'welcomePageNotAcceptableHandlerMapping' via factory method to bean named 'org.springframework.web.context.support.GenericWebApplicationContext@2032e725'
2026-01-25T09:03:53.904+09:00 DEBUG 24467 --- [Backend] [    Test worker] o.s.b.f.s.DefaultListableBeanFactory     : Autowiring by type from bean name 'welcomePageNotAcceptableHandlerMapping' via factory method to bean named 'mvcConversionService'
2026-01-25T09:03:53.904+09:00 DEBUG 24467 --- [Backend] [    Test worker] o.s.b.f.s.DefaultListableBeanFactory     : Autowiring by type from bean name 'welcomePageNotAcceptableHandlerMapping' via factory method to bean named 'mvcResourceUrlProvider'
2026-01-25T09:03:53.908+09:00 DEBUG 24467 --- [Backend] [    Test worker] o.s.b.f.s.DefaultListableBeanFactory     : Creating shared instance of singleton bean 'localeResolver'
2026-01-25T09:03:53.913+09:00 DEBUG 24467 --- [Backend] [    Test worker] o.s.b.f.s.DefaultListableBeanFactory     : Creating shared instance of singleton bean 'themeResolver'
2026-01-25T09:03:53.914+09:00 DEBUG 24467 --- [Backend] [    Test worker] o.s.b.f.s.DefaultListableBeanFactory     : Creating shared instance of singleton bean 'flashMapManager'
2026-01-25T09:03:53.916+09:00 DEBUG 24467 --- [Backend] [    Test worker] o.s.b.f.s.DefaultListableBeanFactory     : Creating shared instance of singleton bean 'viewNameTranslator'
2026-01-25T09:03:53.917+09:00 DEBUG 24467 --- [Backend] [    Test worker] o.s.b.f.s.DefaultListableBeanFactory     : Creating shared instance of singleton bean 'mvcValidator'
2026-01-25T09:03:53.919+09:00 DEBUG 24467 --- [Backend] [    Test worker] o.s.b.f.s.DefaultListableBeanFactory     : Creating shared instance of singleton bean 'mvcContentNegotiationManager'
2026-01-25T09:03:53.923+09:00 DEBUG 24467 --- [Backend] [    Test worker] o.s.b.f.s.DefaultListableBeanFactory     : Creating shared instance of singleton bean 'requestMappingHandlerMapping'
2026-01-25T09:03:53.925+09:00 DEBUG 24467 --- [Backend] [    Test worker] o.s.b.f.s.DefaultListableBeanFactory     : Autowiring by type from bean name 'requestMappingHandlerMapping' via factory method to bean named 'mvcContentNegotiationManager'
2026-01-25T09:03:53.926+09:00 DEBUG 24467 --- [Backend] [    Test worker] o.s.b.f.s.DefaultListableBeanFactory     : Autowiring by type from bean name 'requestMappingHandlerMapping' via factory method to bean named 'mvcConversionService'
2026-01-25T09:03:53.926+09:00 DEBUG 24467 --- [Backend] [    Test worker] o.s.b.f.s.DefaultListableBeanFactory     : Autowiring by type from bean name 'requestMappingHandlerMapping' via factory method to bean named 'mvcResourceUrlProvider'
2026-01-25T09:03:53.958+09:00 DEBUG 24467 --- [Backend] [    Test worker] s.w.s.m.m.a.RequestMappingHandlerMapping : 38 mappings in 'requestMappingHandlerMapping'
2026-01-25T09:03:53.960+09:00 DEBUG 24467 --- [Backend] [    Test worker] o.s.b.f.s.DefaultListableBeanFactory     : Creating shared instance of singleton bean 'mvcPatternParser'
2026-01-25T09:03:53.960+09:00 DEBUG 24467 --- [Backend] [    Test worker] o.s.b.f.s.DefaultListableBeanFactory     : Creating shared instance of singleton bean 'mvcUrlPathHelper'
2026-01-25T09:03:53.961+09:00 DEBUG 24467 --- [Backend] [    Test worker] o.s.b.f.s.DefaultListableBeanFactory     : Creating shared instance of singleton bean 'mvcPathMatcher'
2026-01-25T09:03:53.961+09:00 DEBUG 24467 --- [Backend] [    Test worker] o.s.b.f.s.DefaultListableBeanFactory     : Creating shared instance of singleton bean 'viewControllerHandlerMapping'
2026-01-25T09:03:53.961+09:00 DEBUG 24467 --- [Backend] [    Test worker] o.s.b.f.s.DefaultListableBeanFactory     : Autowiring by type from bean name 'viewControllerHandlerMapping' via factory method to bean named 'mvcConversionService'
2026-01-25T09:03:53.961+09:00 DEBUG 24467 --- [Backend] [    Test worker] o.s.b.f.s.DefaultListableBeanFactory     : Autowiring by type from bean name 'viewControllerHandlerMapping' via factory method to bean named 'mvcResourceUrlProvider'
2026-01-25T09:03:53.962+09:00 DEBUG 24467 --- [Backend] [    Test worker] o.s.b.f.s.DefaultListableBeanFactory     : Creating shared instance of singleton bean 'beanNameHandlerMapping'
2026-01-25T09:03:53.962+09:00 DEBUG 24467 --- [Backend] [    Test worker] o.s.b.f.s.DefaultListableBeanFactory     : Autowiring by type from bean name 'beanNameHandlerMapping' via factory method to bean named 'mvcConversionService'
2026-01-25T09:03:53.962+09:00 DEBUG 24467 --- [Backend] [    Test worker] o.s.b.f.s.DefaultListableBeanFactory     : Autowiring by type from bean name 'beanNameHandlerMapping' via factory method to bean named 'mvcResourceUrlProvider'
2026-01-25T09:03:53.965+09:00 DEBUG 24467 --- [Backend] [    Test worker] o.s.b.f.s.DefaultListableBeanFactory     : Creating shared instance of singleton bean 'routerFunctionMapping'
2026-01-25T09:03:53.966+09:00 DEBUG 24467 --- [Backend] [    Test worker] o.s.b.f.s.DefaultListableBeanFactory     : Autowiring by type from bean name 'routerFunctionMapping' via factory method to bean named 'mvcConversionService'
2026-01-25T09:03:53.966+09:00 DEBUG 24467 --- [Backend] [    Test worker] o.s.b.f.s.DefaultListableBeanFactory     : Autowiring by type from bean name 'routerFunctionMapping' via factory method to bean named 'mvcResourceUrlProvider'
2026-01-25T09:03:53.967+09:00 DEBUG 24467 --- [Backend] [    Test worker] o.s.b.f.s.DefaultListableBeanFactory     : Creating shared instance of singleton bean 'messageConverters'
2026-01-25T09:03:53.968+09:00 DEBUG 24467 --- [Backend] [    Test worker] o.s.b.f.s.DefaultListableBeanFactory     : Creating shared instance of singleton bean 'org.springframework.boot.autoconfigure.http.HttpMessageConvertersAutoConfiguration'
2026-01-25T09:03:53.971+09:00 DEBUG 24467 --- [Backend] [    Test worker] o.s.b.f.s.DefaultListableBeanFactory     : Creating shared instance of singleton bean 'stringHttpMessageConverter'
2026-01-25T09:03:53.971+09:00 DEBUG 24467 --- [Backend] [    Test worker] o.s.b.f.s.DefaultListableBeanFactory     : Creating shared instance of singleton bean 'org.springframework.boot.autoconfigure.http.HttpMessageConvertersAutoConfiguration$StringHttpMessageConverterConfiguration'
2026-01-25T09:03:53.971+09:00 DEBUG 24467 --- [Backend] [    Test worker] o.s.b.f.s.DefaultListableBeanFactory     : Autowiring by type from bean name 'stringHttpMessageConverter' via factory method to bean named 'environment'
2026-01-25T09:03:53.973+09:00 DEBUG 24467 --- [Backend] [    Test worker] o.s.b.f.s.DefaultListableBeanFactory     : Creating shared instance of singleton bean 'mappingJackson2HttpMessageConverter'
2026-01-25T09:03:53.973+09:00 DEBUG 24467 --- [Backend] [    Test worker] o.s.b.f.s.DefaultListableBeanFactory     : Creating shared instance of singleton bean 'org.springframework.boot.autoconfigure.http.JacksonHttpMessageConvertersConfiguration$MappingJackson2HttpMessageConverterConfiguration'
2026-01-25T09:03:53.974+09:00 DEBUG 24467 --- [Backend] [    Test worker] o.s.b.f.s.DefaultListableBeanFactory     : Creating shared instance of singleton bean 'jacksonObjectMapper'
2026-01-25T09:03:53.974+09:00 DEBUG 24467 --- [Backend] [    Test worker] o.s.b.f.s.DefaultListableBeanFactory     : Creating shared instance of singleton bean 'org.springframework.boot.autoconfigure.jackson.JacksonAutoConfiguration$JacksonObjectMapperConfiguration'
2026-01-25T09:03:53.975+09:00 DEBUG 24467 --- [Backend] [    Test worker] o.s.b.f.s.DefaultListableBeanFactory     : Creating shared instance of singleton bean 'org.springframework.boot.autoconfigure.jackson.JacksonAutoConfiguration$JacksonObjectMapperBuilderConfiguration'
2026-01-25T09:03:53.977+09:00 DEBUG 24467 --- [Backend] [    Test worker] o.s.b.f.s.DefaultListableBeanFactory     : Creating shared instance of singleton bean 'standardJacksonObjectMapperBuilderCustomizer'
2026-01-25T09:03:53.977+09:00 DEBUG 24467 --- [Backend] [    Test worker] o.s.b.f.s.DefaultListableBeanFactory     : Creating shared instance of singleton bean 'org.springframework.boot.autoconfigure.jackson.JacksonAutoConfiguration$Jackson2ObjectMapperBuilderCustomizerConfiguration'
2026-01-25T09:03:53.978+09:00 DEBUG 24467 --- [Backend] [    Test worker] o.s.b.f.s.DefaultListableBeanFactory     : Creating shared instance of singleton bean 'spring.jackson-org.springframework.boot.autoconfigure.jackson.JacksonProperties'
2026-01-25T09:03:53.980+09:00 DEBUG 24467 --- [Backend] [    Test worker] o.s.b.f.s.DefaultListableBeanFactory     : Autowiring by type from bean name 'standardJacksonObjectMapperBuilderCustomizer' via factory method to bean named 'spring.jackson-org.springframework.boot.autoconfigure.jackson.JacksonProperties'
2026-01-25T09:03:53.980+09:00 DEBUG 24467 --- [Backend] [    Test worker] o.s.b.f.s.DefaultListableBeanFactory     : Creating shared instance of singleton bean 'parameterNamesModule'
2026-01-25T09:03:53.980+09:00 DEBUG 24467 --- [Backend] [    Test worker] o.s.b.f.s.DefaultListableBeanFactory     : Creating shared instance of singleton bean 'org.springframework.boot.autoconfigure.jackson.JacksonAutoConfiguration$ParameterNamesModuleConfiguration'
2026-01-25T09:03:53.984+09:00 DEBUG 24467 --- [Backend] [    Test worker] o.s.b.f.s.DefaultListableBeanFactory     : Creating shared instance of singleton bean 'jsonMixinModule'
2026-01-25T09:03:53.985+09:00 DEBUG 24467 --- [Backend] [    Test worker] o.s.b.f.s.DefaultListableBeanFactory     : Creating shared instance of singleton bean 'org.springframework.boot.autoconfigure.jackson.JacksonAutoConfiguration$JacksonMixinConfiguration'
2026-01-25T09:03:53.985+09:00 DEBUG 24467 --- [Backend] [    Test worker] o.s.b.f.s.DefaultListableBeanFactory     : Creating shared instance of singleton bean 'jsonMixinModuleEntries'
2026-01-25T09:03:53.985+09:00 DEBUG 24467 --- [Backend] [    Test worker] o.s.b.f.s.DefaultListableBeanFactory     : Autowiring by type from bean name 'jsonMixinModuleEntries' via factory method to bean named 'org.springframework.web.context.support.GenericWebApplicationContext@2032e725'
2026-01-25T09:03:53.990+09:00 DEBUG 24467 --- [Backend] [    Test worker] o.s.b.f.s.DefaultListableBeanFactory     : Autowiring by type from bean name 'jsonMixinModule' via factory method to bean named 'org.springframework.web.context.support.GenericWebApplicationContext@2032e725'
2026-01-25T09:03:53.991+09:00 DEBUG 24467 --- [Backend] [    Test worker] o.s.b.f.s.DefaultListableBeanFactory     : Autowiring by type from bean name 'jsonMixinModule' via factory method to bean named 'jsonMixinModuleEntries'
2026-01-25T09:03:53.993+09:00 DEBUG 24467 --- [Backend] [    Test worker] o.s.b.f.s.DefaultListableBeanFactory     : Creating shared instance of singleton bean 'jsonComponentModule'
2026-01-25T09:03:53.993+09:00 DEBUG 24467 --- [Backend] [    Test worker] o.s.b.f.s.DefaultListableBeanFactory     : Creating shared instance of singleton bean 'org.springframework.boot.autoconfigure.jackson.JacksonAutoConfiguration'
2026-01-25T09:03:53.999+09:00 DEBUG 24467 --- [Backend] [    Test worker] o.s.b.f.s.DefaultListableBeanFactory     : Autowiring by type from bean name 'jacksonObjectMapperBuilder' via factory method to bean named 'org.springframework.web.context.support.GenericWebApplicationContext@2032e725'
2026-01-25T09:03:53.999+09:00 DEBUG 24467 --- [Backend] [    Test worker] o.s.b.f.s.DefaultListableBeanFactory     : Autowiring by type from bean name 'jacksonObjectMapperBuilder' via factory method to bean named 'standardJacksonObjectMapperBuilderCustomizer'
2026-01-25T09:03:54.003+09:00 DEBUG 24467 --- [Backend] [    Test worker] o.s.b.f.s.DefaultListableBeanFactory     : Autowiring by type from bean name 'jacksonObjectMapper' via factory method to bean named 'jacksonObjectMapperBuilder'
2026-01-25T09:03:54.010+09:00 DEBUG 24467 --- [Backend] [    Test worker] o.s.b.f.s.DefaultListableBeanFactory     : Autowiring by type from bean name 'mappingJackson2HttpMessageConverter' via factory method to bean named 'jacksonObjectMapper'
2026-01-25T09:03:54.017+09:00 DEBUG 24467 --- [Backend] [    Test worker] o.s.b.f.s.DefaultListableBeanFactory     : Creating shared instance of singleton bean 'resourceHandlerMapping'
2026-01-25T09:03:54.017+09:00 DEBUG 24467 --- [Backend] [    Test worker] o.s.b.f.s.DefaultListableBeanFactory     : Autowiring by type from bean name 'resourceHandlerMapping' via factory method to bean named 'mvcContentNegotiationManager'
2026-01-25T09:03:54.017+09:00 DEBUG 24467 --- [Backend] [    Test worker] o.s.b.f.s.DefaultListableBeanFactory     : Autowiring by type from bean name 'resourceHandlerMapping' via factory method to bean named 'mvcConversionService'
2026-01-25T09:03:54.017+09:00 DEBUG 24467 --- [Backend] [    Test worker] o.s.b.f.s.DefaultListableBeanFactory     : Autowiring by type from bean name 'resourceHandlerMapping' via factory method to bean named 'mvcResourceUrlProvider'
2026-01-25T09:03:54.033+09:00 DEBUG 24467 --- [Backend] [    Test worker] o.s.w.s.handler.SimpleUrlHandlerMapping  : Patterns [/webjars/**, /**] in 'resourceHandlerMapping'
2026-01-25T09:03:54.036+09:00 DEBUG 24467 --- [Backend] [    Test worker] o.s.b.f.s.DefaultListableBeanFactory     : Creating shared instance of singleton bean 'defaultServletHandlerMapping'
2026-01-25T09:03:54.037+09:00 DEBUG 24467 --- [Backend] [    Test worker] o.s.b.f.s.DefaultListableBeanFactory     : Creating shared instance of singleton bean 'requestMappingHandlerAdapter'
2026-01-25T09:03:54.038+09:00 DEBUG 24467 --- [Backend] [    Test worker] o.s.b.f.s.DefaultListableBeanFactory     : Autowiring by type from bean name 'requestMappingHandlerAdapter' via factory method to bean named 'mvcContentNegotiationManager'
2026-01-25T09:03:54.038+09:00 DEBUG 24467 --- [Backend] [    Test worker] o.s.b.f.s.DefaultListableBeanFactory     : Autowiring by type from bean name 'requestMappingHandlerAdapter' via factory method to bean named 'mvcConversionService'
2026-01-25T09:03:54.038+09:00 DEBUG 24467 --- [Backend] [    Test worker] o.s.b.f.s.DefaultListableBeanFactory     : Autowiring by type from bean name 'requestMappingHandlerAdapter' via factory method to bean named 'mvcValidator'
2026-01-25T09:03:54.045+09:00 DEBUG 24467 --- [Backend] [    Test worker] o.s.b.f.s.DefaultListableBeanFactory     : Creating shared instance of singleton bean 'applicationTaskExecutor'
2026-01-25T09:03:54.045+09:00 DEBUG 24467 --- [Backend] [    Test worker] o.s.b.f.s.DefaultListableBeanFactory     : Autowiring by type from bean name 'applicationTaskExecutor' via factory method to bean named 'threadPoolTaskExecutorBuilder'
2026-01-25T09:03:54.051+09:00 DEBUG 24467 --- [Backend] [    Test worker] o.s.s.concurrent.ThreadPoolTaskExecutor  : Initializing ExecutorService 'applicationTaskExecutor'
2026-01-25T09:03:54.057+09:00 DEBUG 24467 --- [Backend] [    Test worker] s.w.s.m.m.a.RequestMappingHandlerAdapter : ControllerAdvice beans: 0 @ModelAttribute, 0 @InitBinder, 1 RequestBodyAdvice, 1 ResponseBodyAdvice
2026-01-25T09:03:54.067+09:00 DEBUG 24467 --- [Backend] [    Test worker] o.s.b.f.s.DefaultListableBeanFactory     : Creating shared instance of singleton bean 'mvcViewResolver'
2026-01-25T09:03:54.068+09:00 DEBUG 24467 --- [Backend] [    Test worker] o.s.b.f.s.DefaultListableBeanFactory     : Autowiring by type from bean name 'mvcViewResolver' via factory method to bean named 'mvcContentNegotiationManager'
2026-01-25T09:03:54.069+09:00 DEBUG 24467 --- [Backend] [    Test worker] o.s.b.f.s.DefaultListableBeanFactory     : Creating shared instance of singleton bean 'defaultViewResolver'
2026-01-25T09:03:54.072+09:00 DEBUG 24467 --- [Backend] [    Test worker] o.s.b.f.s.DefaultListableBeanFactory     : Creating shared instance of singleton bean 'viewResolver'
2026-01-25T09:03:54.073+09:00 DEBUG 24467 --- [Backend] [    Test worker] o.s.b.f.s.DefaultListableBeanFactory     : Autowiring by type from bean name 'viewResolver' via factory method to bean named 'org.springframework.beans.factory.support.DefaultListableBeanFactory@2c43eb8'
2026-01-25T09:03:54.074+09:00 DEBUG 24467 --- [Backend] [    Test worker] o.s.b.f.s.DefaultListableBeanFactory     : Creating shared instance of singleton bean 'viewResolver'
2026-01-25T09:03:54.078+09:00 DEBUG 24467 --- [Backend] [    Test worker] o.s.b.f.s.DefaultListableBeanFactory     : Creating shared instance of singleton bean 'handlerFunctionAdapter'
2026-01-25T09:03:54.079+09:00 DEBUG 24467 --- [Backend] [    Test worker] o.s.b.f.s.DefaultListableBeanFactory     : Creating shared instance of singleton bean 'mvcUriComponentsContributor'
2026-01-25T09:03:54.079+09:00 DEBUG 24467 --- [Backend] [    Test worker] o.s.b.f.s.DefaultListableBeanFactory     : Autowiring by type from bean name 'mvcUriComponentsContributor' via factory method to bean named 'mvcConversionService'
2026-01-25T09:03:54.079+09:00 DEBUG 24467 --- [Backend] [    Test worker] o.s.b.f.s.DefaultListableBeanFactory     : Autowiring by type from bean name 'mvcUriComponentsContributor' via factory method to bean named 'requestMappingHandlerAdapter'
2026-01-25T09:03:54.080+09:00 DEBUG 24467 --- [Backend] [    Test worker] o.s.b.f.s.DefaultListableBeanFactory     : Creating shared instance of singleton bean 'httpRequestHandlerAdapter'
2026-01-25T09:03:54.081+09:00 DEBUG 24467 --- [Backend] [    Test worker] o.s.b.f.s.DefaultListableBeanFactory     : Creating shared instance of singleton bean 'simpleControllerHandlerAdapter'
2026-01-25T09:03:54.081+09:00 DEBUG 24467 --- [Backend] [    Test worker] o.s.b.f.s.DefaultListableBeanFactory     : Creating shared instance of singleton bean 'handlerExceptionResolver'
2026-01-25T09:03:54.081+09:00 DEBUG 24467 --- [Backend] [    Test worker] o.s.b.f.s.DefaultListableBeanFactory     : Autowiring by type from bean name 'handlerExceptionResolver' via factory method to bean named 'mvcContentNegotiationManager'
2026-01-25T09:03:54.083+09:00 DEBUG 24467 --- [Backend] [    Test worker] .m.m.a.ExceptionHandlerExceptionResolver : ControllerAdvice beans: 0 @ExceptionHandler, 1 ResponseBodyAdvice
2026-01-25T09:03:54.085+09:00 DEBUG 24467 --- [Backend] [    Test worker] o.s.b.f.s.DefaultListableBeanFactory     : Creating shared instance of singleton bean 'requestContextFilter'
2026-01-25T09:03:54.088+09:00 DEBUG 24467 --- [Backend] [    Test worker] o.s.b.f.s.DefaultListableBeanFactory     : Creating shared instance of singleton bean 'org.springframework.boot.autoconfigure.web.servlet.WebMvcAutoConfiguration'
2026-01-25T09:03:54.089+09:00 DEBUG 24467 --- [Backend] [    Test worker] o.s.b.f.s.DefaultListableBeanFactory     : Creating shared instance of singleton bean 'formContentFilter'
2026-01-25T09:03:54.091+09:00 DEBUG 24467 --- [Backend] [    Test worker] o.s.b.f.s.DefaultListableBeanFactory     : Creating shared instance of singleton bean 'org.mybatis.spring.boot.autoconfigure.MybatisLanguageDriverAutoConfiguration'
2026-01-25T09:03:54.091+09:00 DEBUG 24467 --- [Backend] [    Test worker] o.s.b.f.s.DefaultListableBeanFactory     : Creating shared instance of singleton bean 'org.springframework.boot.autoconfigure.jdbc.metadata.DataSourcePoolMetadataProvidersConfiguration$HikariPoolDataSourceMetadataProviderConfiguration'
2026-01-25T09:03:54.091+09:00 DEBUG 24467 --- [Backend] [    Test worker] o.s.b.f.s.DefaultListableBeanFactory     : Creating shared instance of singleton bean 'hikariPoolDataSourceMetadataProvider'
2026-01-25T09:03:54.092+09:00 DEBUG 24467 --- [Backend] [    Test worker] o.s.b.f.s.DefaultListableBeanFactory     : Creating shared instance of singleton bean 'org.springframework.boot.autoconfigure.jdbc.metadata.DataSourcePoolMetadataProvidersConfiguration'
2026-01-25T09:03:54.092+09:00 DEBUG 24467 --- [Backend] [    Test worker] o.s.b.f.s.DefaultListableBeanFactory     : Creating shared instance of singleton bean 'org.springframework.boot.autoconfigure.jdbc.DataSourceAutoConfiguration'
2026-01-25T09:03:54.092+09:00 DEBUG 24467 --- [Backend] [    Test worker] o.s.b.f.s.DefaultListableBeanFactory     : Creating shared instance of singleton bean 'org.mybatis.spring.boot.autoconfigure.MybatisAutoConfiguration$MapperScannerRegistrarNotFoundConfiguration'
2026-01-25T09:03:54.092+09:00 DEBUG 24467 --- [Backend] [    Test worker] o.s.b.f.s.DefaultListableBeanFactory     : Creating shared instance of singleton bean 'org.springframework.boot.autoconfigure.aop.AopAutoConfiguration$ClassProxyingConfiguration'
2026-01-25T09:03:54.092+09:00 DEBUG 24467 --- [Backend] [    Test worker] o.s.b.f.s.DefaultListableBeanFactory     : Creating shared instance of singleton bean 'org.springframework.boot.autoconfigure.aop.AopAutoConfiguration'
2026-01-25T09:03:54.093+09:00 DEBUG 24467 --- [Backend] [    Test worker] o.s.b.f.s.DefaultListableBeanFactory     : Creating shared instance of singleton bean 'org.springframework.boot.autoconfigure.availability.ApplicationAvailabilityAutoConfiguration'
2026-01-25T09:03:54.093+09:00 DEBUG 24467 --- [Backend] [    Test worker] o.s.b.f.s.DefaultListableBeanFactory     : Creating shared instance of singleton bean 'applicationAvailability'
2026-01-25T09:03:54.093+09:00 DEBUG 24467 --- [Backend] [    Test worker] o.s.b.f.s.DefaultListableBeanFactory     : Creating shared instance of singleton bean 'org.springframework.boot.autoconfigure.transaction.TransactionManagerCustomizationAutoConfiguration'
2026-01-25T09:03:54.093+09:00 DEBUG 24467 --- [Backend] [    Test worker] o.s.b.f.s.DefaultListableBeanFactory     : Creating shared instance of singleton bean 'platformTransactionManagerCustomizers'
2026-01-25T09:03:54.094+09:00 DEBUG 24467 --- [Backend] [    Test worker] o.s.b.f.s.DefaultListableBeanFactory     : Creating shared instance of singleton bean 'transactionExecutionListeners'
2026-01-25T09:03:54.098+09:00 DEBUG 24467 --- [Backend] [    Test worker] o.s.b.f.s.DefaultListableBeanFactory     : Creating shared instance of singleton bean 'spring.transaction-org.springframework.boot.autoconfigure.transaction.TransactionProperties'
2026-01-25T09:03:54.100+09:00 DEBUG 24467 --- [Backend] [    Test worker] o.s.b.f.s.DefaultListableBeanFactory     : Creating shared instance of singleton bean 'org.springframework.boot.autoconfigure.context.ConfigurationPropertiesAutoConfiguration'
2026-01-25T09:03:54.100+09:00 DEBUG 24467 --- [Backend] [    Test worker] o.s.b.f.s.DefaultListableBeanFactory     : Creating shared instance of singleton bean 'org.springframework.boot.autoconfigure.context.LifecycleAutoConfiguration'
2026-01-25T09:03:54.100+09:00 DEBUG 24467 --- [Backend] [    Test worker] o.s.b.f.s.DefaultListableBeanFactory     : Creating shared instance of singleton bean 'lifecycleProcessor'
2026-01-25T09:03:54.101+09:00 DEBUG 24467 --- [Backend] [    Test worker] o.s.b.f.s.DefaultListableBeanFactory     : Creating shared instance of singleton bean 'spring.lifecycle-org.springframework.boot.autoconfigure.context.LifecycleProperties'
2026-01-25T09:03:54.101+09:00 DEBUG 24467 --- [Backend] [    Test worker] o.s.b.f.s.DefaultListableBeanFactory     : Autowiring by type from bean name 'lifecycleProcessor' via factory method to bean named 'spring.lifecycle-org.springframework.boot.autoconfigure.context.LifecycleProperties'
2026-01-25T09:03:54.102+09:00 DEBUG 24467 --- [Backend] [    Test worker] o.s.b.f.s.DefaultListableBeanFactory     : Creating shared instance of singleton bean 'org.springframework.boot.autoconfigure.dao.PersistenceExceptionTranslationAutoConfiguration'
2026-01-25T09:03:54.102+09:00 DEBUG 24467 --- [Backend] [    Test worker] o.s.b.f.s.DefaultListableBeanFactory     : Creating shared instance of singleton bean 'org.springframework.boot.autoconfigure.http.JacksonHttpMessageConvertersConfiguration'
2026-01-25T09:03:54.102+09:00 DEBUG 24467 --- [Backend] [    Test worker] o.s.b.f.s.DefaultListableBeanFactory     : Creating shared instance of singleton bean 'org.springframework.boot.autoconfigure.http.client.HttpClientAutoConfiguration'
2026-01-25T09:03:54.102+09:00 DEBUG 24467 --- [Backend] [    Test worker] o.s.b.f.s.DefaultListableBeanFactory     : Creating shared instance of singleton bean 'clientHttpRequestFactoryBuilder'
2026-01-25T09:03:54.103+09:00 DEBUG 24467 --- [Backend] [    Test worker] o.s.b.f.s.DefaultListableBeanFactory     : Creating shared instance of singleton bean 'spring.http.client-org.springframework.boot.autoconfigure.http.client.HttpClientProperties'
2026-01-25T09:03:54.103+09:00 DEBUG 24467 --- [Backend] [    Test worker] o.s.b.f.s.DefaultListableBeanFactory     : Autowiring by type from bean name 'clientHttpRequestFactoryBuilder' via factory method to bean named 'spring.http.client-org.springframework.boot.autoconfigure.http.client.HttpClientProperties'
2026-01-25T09:03:54.107+09:00 DEBUG 24467 --- [Backend] [    Test worker] o.s.b.f.s.DefaultListableBeanFactory     : Creating shared instance of singleton bean 'clientHttpRequestFactorySettings'
2026-01-25T09:03:54.107+09:00 DEBUG 24467 --- [Backend] [    Test worker] o.s.b.f.s.DefaultListableBeanFactory     : Autowiring by type from bean name 'clientHttpRequestFactorySettings' via factory method to bean named 'spring.http.client-org.springframework.boot.autoconfigure.http.client.HttpClientProperties'
2026-01-25T09:03:54.108+09:00 DEBUG 24467 --- [Backend] [    Test worker] o.s.b.f.s.DefaultListableBeanFactory     : Creating shared instance of singleton bean 'org.springframework.boot.autoconfigure.info.ProjectInfoAutoConfiguration'
2026-01-25T09:03:54.109+09:00 DEBUG 24467 --- [Backend] [    Test worker] o.s.b.f.s.DefaultListableBeanFactory     : Creating shared instance of singleton bean 'spring.info-org.springframework.boot.autoconfigure.info.ProjectInfoProperties'
2026-01-25T09:03:54.110+09:00 DEBUG 24467 --- [Backend] [    Test worker] o.s.b.f.s.DefaultListableBeanFactory     : Autowiring by type from bean name 'org.springframework.boot.autoconfigure.info.ProjectInfoAutoConfiguration' via constructor to bean named 'spring.info-org.springframework.boot.autoconfigure.info.ProjectInfoProperties'
2026-01-25T09:03:54.110+09:00 DEBUG 24467 --- [Backend] [    Test worker] o.s.b.f.s.DefaultListableBeanFactory     : Creating shared instance of singleton bean 'org.springframework.boot.autoconfigure.jdbc.JdbcTemplateConfiguration'
[...]
      Did not match:
         - @ConditionalOnClass did not find required class 'graphql.GraphQL' (OnClassCondition)

   RSocketMessagingAutoConfiguration:
      Did not match:
         - @ConditionalOnClass did not find required class 'io.rsocket.RSocket' (OnClassCondition)

   RSocketRequesterAutoConfiguration:
      Did not match:
         - @ConditionalOnClass did not find required class 'io.rsocket.RSocket' (OnClassCondition)

   RSocketSecurityAutoConfiguration:
      Did not match:
         - @ConditionalOnClass did not find required class 'org.springframework.security.rsocket.core.SecuritySocketAcceptorInterceptor' (OnClassCondition)

   RSocketServerAutoConfiguration:
      Did not match:
         - @ConditionalOnClass did not find required class 'io.rsocket.core.RSocketServer' (OnClassCondition)

   RSocketStrategiesAutoConfiguration:
      Did not match:
         - @ConditionalOnClass did not find required class 'io.netty.buffer.PooledByteBufAllocator' (OnClassCondition)

   RabbitAutoConfiguration:
      Did not match:
         - @ConditionalOnClass did not find required class 'com.rabbitmq.client.Channel' (OnClassCondition)

   ReactiveElasticsearchClientAutoConfiguration:
      Did not match:
         - @ConditionalOnClass did not find required class 'co.elastic.clients.transport.ElasticsearchTransport' (OnClassCondition)

   ReactiveElasticsearchRepositoriesAutoConfiguration:
      Did not match:
         - @ConditionalOnClass did not find required class 'reactor.core.publisher.Mono' (OnClassCondition)

   ReactiveMultipartAutoConfiguration:
      Did not match:
         - @ConditionalOnClass did not find required class 'org.springframework.web.reactive.config.WebFluxConfigurer' (OnClassCondition)

   ReactiveOAuth2ClientAutoConfiguration:
      Did not match:
         - @ConditionalOnClass did not find required class 'reactor.core.publisher.Flux' (OnClassCondition)

   ReactiveOAuth2ResourceServerAutoConfiguration:
      Did not match:
         - @ConditionalOnClass did not find required class 'org.springframework.security.config.annotation.web.reactive.EnableWebFluxSecurity' (OnClassCondition)

   ReactiveSecurityAutoConfiguration:
      Did not match:
         - @ConditionalOnClass did not find required class 'reactor.core.publisher.Flux' (OnClassCondition)

   ReactiveUserDetailsServiceAutoConfiguration:
      Did not match:
         - @ConditionalOnClass did not find required class 'org.springframework.security.authentication.ReactiveAuthenticationManager' (OnClassCondition)

   ReactiveWebServerFactoryAutoConfiguration:
      Did not match:
         - @ConditionalOnWebApplication did not find reactive web application classes (OnWebApplicationCondition)

   ReactorAutoConfiguration:
      Did not match:
         - @ConditionalOnClass did not find required class 'reactor.core.publisher.Hooks' (OnClassCondition)

   RedisAutoConfiguration:
      Did not match:
         - @ConditionalOnClass did not find required class 'org.springframework.data.redis.core.RedisOperations' (OnClassCondition)

   RedisCacheConfiguration:
      Did not match:
         - @ConditionalOnClass did not find required class 'org.springframework.data.redis.connection.RedisConnectionFactory' (OnClassCondition)

   RedisReactiveAutoConfiguration:
      Did not match:
         - @ConditionalOnClass did not find required class 'reactor.core.publisher.Flux' (OnClassCondition)

   RedisRepositoriesAutoConfiguration:
      Did not match:
         - @ConditionalOnClass did not find required class 'org.springframework.data.redis.repository.configuration.EnableRedisRepositories' (OnClassCondition)

   RepositoryRestMvcAutoConfiguration:
      Did not match:
         - @ConditionalOnClass did not find required class 'org.springframework.data.rest.webmvc.config.RepositoryRestMvcConfiguration' (OnClassCondition)

   Saml2RelyingPartyAutoConfiguration:
      Did not match:
         - @ConditionalOnClass did not find required class 'org.springframework.security.saml2.provider.service.registration.RelyingPartyRegistrationRepository' (OnClassCondition)

   SecurityAutoConfiguration:
      Did not match:
         - @ConditionalOnClass did not find required class 'org.springframework.security.authentication.DefaultAuthenticationEventPublisher' (OnClassCondition)

   SecurityFilterAutoConfiguration:
      Did not match:
         - @ConditionalOnClass did not find required class 'org.springframework.security.config.http.SessionCreationPolicy' (OnClassCondition)

   SendGridAutoConfiguration:
      Did not match:
         - @ConditionalOnClass did not find required class 'com.sendgrid.SendGrid' (OnClassCondition)

   ServletWebServerFactoryAutoConfiguration.ForwardedHeaderFilterConfiguration:
      Did not match:
         - @ConditionalOnProperty (server.forward-headers-strategy=framework) did not find property 'server.forward-headers-strategy' (OnPropertyCondition)

   ServletWebServerFactoryConfiguration.EmbeddedJetty:
      Did not match:
         - @ConditionalOnClass did not find required classes 'org.eclipse.jetty.server.Server', 'org.eclipse.jetty.util.Loader', 'org.eclipse.jetty.ee10.webapp.WebAppContext' (OnClassCondition)

   ServletWebServerFactoryConfiguration.EmbeddedUndertow:
      Did not match:
         - @ConditionalOnClass did not find required classes 'io.undertow.Undertow', 'org.xnio.SslClientAuthMode' (OnClassCondition)

   SessionAutoConfiguration:
      Did not match:
         - @ConditionalOnClass did not find required class 'org.springframework.session.Session' (OnClassCondition)

   SpringApplicationAdminJmxAutoConfiguration:
      Did not match:
         - @ConditionalOnProperty (spring.application.admin.enabled=true) did not find property 'enabled' (OnPropertyCondition)

   SpringDataWebAutoConfiguration:
      Did not match:
         - @ConditionalOnClass did not find required class 'org.springframework.data.web.PageableHandlerMethodArgumentResolver' (OnClassCondition)

   TaskExecutorConfigurations.SimpleAsyncTaskExecutorBuilderConfiguration#simpleAsyncTaskExecutorBuilderVirtualThreads:
      Did not match:
         - @ConditionalOnMissingBean (types: org.springframework.boot.task.SimpleAsyncTaskExecutorBuilder; SearchStrategy: all) found beans of type 'org.springframework.boot.task.SimpleAsyncTaskExecutorBuilder' simpleAsyncTaskExecutorBuilder (OnBeanCondition)

   TaskExecutorConfigurations.TaskExecutorConfiguration#applicationTaskExecutorVirtualThreads:
      Did not match:
         - @ConditionalOnThreading did not find VIRTUAL (OnThreadingCondition)

   TaskSchedulingConfigurations.SimpleAsyncTaskSchedulerBuilderConfiguration#simpleAsyncTaskSchedulerBuilderVirtualThreads:
      Did not match:
         - @ConditionalOnMissingBean (types: org.springframework.boot.task.SimpleAsyncTaskSchedulerBuilder; SearchStrategy: all) found beans of type 'org.springframework.boot.task.SimpleAsyncTaskSchedulerBuilder' simpleAsyncTaskSchedulerBuilder (OnBeanCondition)

   TaskSchedulingConfigurations.TaskSchedulerConfiguration#taskSchedulerVirtualThreads:
      Did not match:
         - @ConditionalOnThreading did not find VIRTUAL (OnThreadingCondition)

   ThymeleafAutoConfiguration:
      Did not match:
         - @ConditionalOnClass did not find required class 'org.thymeleaf.spring6.SpringTemplateEngine' (OnClassCondition)

   TransactionAutoConfiguration#transactionalOperator:
      Did not match:
         - @ConditionalOnSingleCandidate (types: org.springframework.transaction.ReactiveTransactionManager; SearchStrategy: all) did not find any beans (OnBeanCondition)

   TransactionAutoConfiguration.AspectJTransactionManagementConfiguration:
      Did not match:
         - @ConditionalOnBean did not find required type 'org.springframework.transaction.aspectj.AbstractTransactionAspect' (OnBeanCondition)
         - @ConditionalOnBean (types: org.springframework.transaction.aspectj.AbstractTransactionAspect; SearchStrategy: all) did not find any beans of type org.springframework.transaction.aspectj.AbstractTransactionAspect (OnBeanCondition)

   TransactionAutoConfiguration.EnableTransactionManagementConfiguration.JdkDynamicAutoProxyConfiguration:
      Did not match:
         - @ConditionalOnProperty (spring.aop.proxy-target-class=false) did not find property 'proxy-target-class' (OnPropertyCondition)

   UserDetailsServiceAutoConfiguration:
      Did not match:
         - @ConditionalOnClass did not find required class 'org.springframework.security.authentication.AuthenticationManager' (OnClassCondition)

   ValidationAutoConfiguration:
      Did not match:
         - @ConditionalOnClass did not find required class 'jakarta.validation.executable.ExecutableValidator' (OnClassCondition)

   WebClientAutoConfiguration:
      Did not match:
         - @ConditionalOnClass did not find required class 'org.springframework.web.reactive.function.client.WebClient' (OnClassCondition)

   WebFluxAutoConfiguration:
      Did not match:
         - @ConditionalOnClass did not find required class 'org.springframework.web.reactive.config.WebFluxConfigurer' (OnClassCondition)

   WebMvcAutoConfiguration#hiddenHttpMethodFilter:
      Did not match:
         - @ConditionalOnProperty (spring.mvc.hiddenmethod.filter.enabled) did not find property 'enabled' (OnPropertyCondition)

   WebMvcAutoConfiguration.ProblemDetailsErrorHandlingConfiguration:
      Did not match:
         - @ConditionalOnProperty (spring.mvc.problemdetails.enabled=true) did not find property 'enabled' (OnPropertyCondition)

   WebMvcAutoConfiguration.ResourceChainCustomizerConfiguration:
      Did not match:
         - @ConditionalOnEnabledResourceChain did not find class org.webjars.WebJarVersionLocator (OnEnabledResourceChainCondition)

   WebMvcAutoConfiguration.WebMvcAutoConfigurationAdapter#beanNameViewResolver:
      Did not match:
         - @ConditionalOnMissingBean (types: org.springframework.web.servlet.view.BeanNameViewResolver; SearchStrategy: all) found beans of type 'org.springframework.web.servlet.view.BeanNameViewResolver' beanNameViewResolver (OnBeanCondition)

   WebServiceTemplateAutoConfiguration:
      Did not match:
         - @ConditionalOnClass did not find required class 'org.springframework.oxm.Marshaller' (OnClassCondition)

   WebServicesAutoConfiguration:
      Did not match:
         - @ConditionalOnClass did not find required class 'org.springframework.ws.transport.http.MessageDispatcherServlet' (OnClassCondition)

   WebSessionIdResolverAutoConfiguration:
      Did not match:
         - @ConditionalOnClass did not find required class 'reactor.core.publisher.Mono' (OnClassCondition)

   WebSocketMessagingAutoConfiguration:
      Did not match:
         - @ConditionalOnClass did not find required class 'org.springframework.web.socket.config.annotation.WebSocketMessageBrokerConfigurer' (OnClassCondition)

   WebSocketReactiveAutoConfiguration:
      Did not match:
         - @ConditionalOnWebApplication did not find reactive web application classes (OnWebApplicationCondition)

   WebSocketServletAutoConfiguration.JettyWebSocketConfiguration:
      Did not match:
         - @ConditionalOnClass did not find required class 'org.eclipse.jetty.ee10.websocket.jakarta.server.config.JakartaWebSocketServletContainerInitializer' (OnClassCondition)

   WebSocketServletAutoConfiguration.UndertowWebSocketConfiguration:
      Did not match:
         - @ConditionalOnClass did not find required class 'io.undertow.websockets.jsr.Bootstrap' (OnClassCondition)

   XADataSourceAutoConfiguration:
      Did not match:
         - @ConditionalOnClass did not find required class 'jakarta.transaction.TransactionManager' (OnClassCondition)


Exclusions:
-----------

    None


Unconditional classes:
----------------------

    org.springframework.boot.autoconfigure.context.ConfigurationPropertiesAutoConfiguration

    org.springframework.boot.autoconfigure.ssl.SslAutoConfiguration

    org.springframework.boot.autoconfigure.context.LifecycleAutoConfiguration

    org.springframework.boot.autoconfigure.context.PropertyPlaceholderAutoConfiguration

    org.springframework.boot.autoconfigure.availability.ApplicationAvailabilityAutoConfiguration

    org.springframework.boot.autoconfigure.info.ProjectInfoAutoConfiguration



2026-01-25T09:03:54.203+09:00  INFO 24467 --- [Backend] [    Test worker] k.c.w.backend.BackendApplicationTests    : Started BackendApplicationTests in 1.365 seconds (process running for 2.068)
2026-01-25T09:03:54.204+09:00 DEBUG 24467 --- [Backend] [    Test worker] o.s.b.a.ApplicationAvailabilityBean      : Application availability state LivenessState changed to CORRECT
2026-01-25T09:03:54.205+09:00 DEBUG 24467 --- [Backend] [    Test worker] o.s.b.a.ApplicationAvailabilityBean      : Application availability state ReadinessState changed to ACCEPTING_TRAFFIC
2026-01-25T09:03:54.206+09:00 DEBUG 24467 --- [Backend] [    Test worker] org.springframework.test.context.cache   : Spring test ApplicationContext cache statistics: [DefaultContextCache@25d911a size = 1, maxSize = 32, parentContextCount = 0, hitCount = 0, missCount = 1, failureCount = 0]
2026-01-25T09:03:54.206+09:00 DEBUG 24467 --- [Backend] [    Test worker] o.s.t.c.w.ServletTestExecutionListener   : Setting up MockHttpServletRequest, MockHttpServletResponse, ServletWebRequest, and RequestContextHolder for test class kr.co.wikibook.backend.BackendApplicationTests
2026-01-25T09:03:54.218+09:00 DEBUG 24467 --- [Backend] [    Test worker] DependencyInjectionTestExecutionListener : Performing dependency injection for test class kr.co.wikibook.backend.BackendApplicationTests
2026-01-25T09:03:54.218+09:00 DEBUG 24467 --- [Backend] [    Test worker] org.springframework.test.context.cache   : Spring test ApplicationContext cache statistics: [DefaultContextCache@25d911a size = 1, maxSize = 32, parentContextCount = 0, hitCount = 1, missCount = 1, failureCount = 0]
2026-01-25T09:03:54.220+09:00 DEBUG 24467 --- [Backend] [    Test worker] org.springframework.test.context.cache   : Spring test ApplicationContext cache statistics: [DefaultContextCache@25d911a size = 1, maxSize = 32, parentContextCount = 0, hitCount = 2, missCount = 1, failureCount = 0]
2026-01-25T09:03:54.224+09:00 DEBUG 24467 --- [Backend] [    Test worker] sContextBeforeModesTestExecutionListener : Before test method: class [BackendApplicationTests], method [contextLoads], class annotated with @DirtiesContext [false] with mode [null], method annotated with @DirtiesContext [false] with mode [null]
2026-01-25T09:03:54.228+09:00 DEBUG 24467 --- [Backend] [    Test worker] org.springframework.test.context.cache   : Spring test ApplicationContext cache statistics: [DefaultContextCache@25d911a size = 1, maxSize = 32, parentContextCount = 0, hitCount = 3, missCount = 1, failureCount = 0]
2026-01-25T09:03:54.228+09:00 DEBUG 24467 --- [Backend] [    Test worker] org.springframework.test.context.cache   : Spring test ApplicationContext cache statistics: [DefaultContextCache@25d911a size = 1, maxSize = 32, parentContextCount = 0, hitCount = 4, missCount = 1, failureCount = 0]
2026-01-25T09:03:54.741+09:00 DEBUG 24467 --- [Backend] [    Test worker] org.springframework.test.context.cache   : Spring test ApplicationContext cache statistics: [DefaultContextCache@25d911a size = 1, maxSize = 32, parentContextCount = 0, hitCount = 5, missCount = 1, failureCount = 0]
2026-01-25T09:03:54.743+09:00 DEBUG 24467 --- [Backend] [    Test worker] org.springframework.test.context.cache   : Spring test ApplicationContext cache statistics: [DefaultContextCache@25d911a size = 1, maxSize = 32, parentContextCount = 0, hitCount = 6, missCount = 1, failureCount = 0]
2026-01-25T09:03:54.745+09:00 DEBUG 24467 --- [Backend] [    Test worker] org.springframework.test.context.cache   : Spring test ApplicationContext cache statistics: [DefaultContextCache@25d911a size = 1, maxSize = 32, parentContextCount = 0, hitCount = 7, missCount = 1, failureCount = 0]
2026-01-25T09:03:54.746+09:00 DEBUG 24467 --- [Backend] [    Test worker] org.springframework.test.context.cache   : Spring test ApplicationContext cache statistics: [DefaultContextCache@25d911a size = 1, maxSize = 32, parentContextCount = 0, hitCount = 8, missCount = 1, failureCount = 0]
2026-01-25T09:03:54.747+09:00 DEBUG 24467 --- [Backend] [    Test worker] org.springframework.test.context.cache   : Spring test ApplicationContext cache statistics: [DefaultContextCache@25d911a size = 1, maxSize = 32, parentContextCount = 0, hitCount = 9, missCount = 1, failureCount = 0]
2026-01-25T09:03:54.747+09:00 DEBUG 24467 --- [Backend] [    Test worker] org.springframework.test.context.cache   : Spring test ApplicationContext cache statistics: [DefaultContextCache@25d911a size = 1, maxSize = 32, parentContextCount = 0, hitCount = 10, missCount = 1, failureCount = 0]
2026-01-25T09:03:54.748+09:00 DEBUG 24467 --- [Backend] [    Test worker] org.springframework.test.context.cache   : Spring test ApplicationContext cache statistics: [DefaultContextCache@25d911a size = 1, maxSize = 32, parentContextCount = 0, hitCount = 11, missCount = 1, failureCount = 0]
2026-01-25T09:03:54.748+09:00 DEBUG 24467 --- [Backend] [    Test worker] org.springframework.test.context.cache   : Spring test ApplicationContext cache statistics: [DefaultContextCache@25d911a size = 1, maxSize = 32, parentContextCount = 0, hitCount = 12, missCount = 1, failureCount = 0]
2026-01-25T09:03:54.749+09:00 DEBUG 24467 --- [Backend] [    Test worker] org.springframework.test.context.cache   : Spring test ApplicationContext cache statistics: [DefaultContextCache@25d911a size = 1, maxSize = 32, parentContextCount = 0, hitCount = 13, missCount = 1, failureCount = 0]
2026-01-25T09:03:54.750+09:00 DEBUG 24467 --- [Backend] [    Test worker] .c.s.DirtiesContextTestExecutionListener : After test method: class [BackendApplicationTests], method [contextLoads], class annotated with @DirtiesContext [false] with mode [null], method annotated with @DirtiesContext [false] with mode [null]
2026-01-25T09:03:54.750+09:00 DEBUG 24467 --- [Backend] [    Test worker] o.s.t.c.w.ServletTestExecutionListener   : Resetting RequestContextHolder for test class kr.co.wikibook.backend.BackendApplicationTests
2026-01-25T09:03:54.754+09:00 DEBUG 24467 --- [Backend] [    Test worker] org.springframework.test.context.cache   : Spring test ApplicationContext cache statistics: [DefaultContextCache@25d911a size = 1, maxSize = 32, parentContextCount = 0, hitCount = 14, missCount = 1, failureCount = 0]
2026-01-25T09:03:54.754+09:00 DEBUG 24467 --- [Backend] [    Test worker] org.springframework.test.context.cache   : Spring test ApplicationContext cache statistics: [DefaultContextCache@25d911a size = 1, maxSize = 32, parentContextCount = 0, hitCount = 15, missCount = 1, failureCount = 0]
2026-01-25T09:03:54.754+09:00 DEBUG 24467 --- [Backend] [    Test worker] .c.s.DirtiesContextTestExecutionListener : After test class: class [BackendApplicationTests], class annotated with @DirtiesContext [false] with mode [null]
]]></system-out>
  <system-err><![CDATA[Mockito is currently self-attaching to enable the inline-mock-maker. This will no longer work in future releases of the JDK. Please add Mockito as an agent to your build what is described in Mockito's documentation: https://javadoc.io/doc/org.mockito/mockito-core/latest/org/mockito/Mockito.html#0.3
WARNING: A Java agent has been loaded dynamically (/Users/kim-yonghyeon/.gradle/caches/modules-2/files-2.1/net.bytebuddy/byte-buddy-agent/1.15.11/a38b16385e867f59a641330f0362ebe742788ed8/byte-buddy-agent-1.15.11.jar)
WARNING: If a serviceability tool is in use, please run with -XX:+EnableDynamicAgentLoading to hide this warning
WARNING: If a serviceability tool is not in use, please run with -Djdk.instrument.traceUsage for more information
WARNING: Dynamic loading of agents will be disallowed by default in a future release
]]></system-err>
</testsuite>
